17:43:33,102 DEBUG main InternalLoggerFactory:newDefaultFactory:47 - Using Log4J as the default logging framework
17:43:33,108 DEBUG main ResourceLeakDetector:<clinit>:129 - -Dio.netty.leakDetection.level: simple
17:43:33,108 DEBUG main ResourceLeakDetector:<clinit>:130 - -Dio.netty.leakDetection.targetRecords: 4
17:43:33,124 DEBUG main InternalThreadLocalMap:<clinit>:54 - -Dio.netty.threadLocalMap.stringBuilder.initialSize: 1024
17:43:33,124 DEBUG main InternalThreadLocalMap:<clinit>:57 - -Dio.netty.threadLocalMap.stringBuilder.maxSize: 4096
17:43:33,132 DEBUG main MultithreadEventLoopGroup:<clinit>:44 - -Dio.netty.eventLoopThreads: 24
17:43:33,160 DEBUG main NioEventLoop:<clinit>:106 - -Dio.netty.noKeySetOptimization: false
17:43:33,160 DEBUG main NioEventLoop:<clinit>:107 - -Dio.netty.selectorAutoRebuildThreshold: 512
17:43:33,176 DEBUG main PlatformDependent:isWindows0:985 - Platform: Windows
17:43:33,178 DEBUG main PlatformDependent0:explicitNoUnsafeCause0:395 - -Dio.netty.noUnsafe: false
17:43:33,178 DEBUG main PlatformDependent0:javaVersion0:851 - Java version: 13
17:43:33,180 DEBUG main PlatformDependent0:<clinit>:120 - sun.misc.Unsafe.theUnsafe: available
17:43:33,181 DEBUG main PlatformDependent0:<clinit>:144 - sun.misc.Unsafe.copyMemory: available
17:43:33,182 DEBUG main PlatformDependent0:<clinit>:182 - java.nio.Buffer.address: available
17:43:33,183 DEBUG main PlatformDependent0:<clinit>:252 - direct buffer constructor: unavailable
java.lang.UnsupportedOperationException: Reflective setAccessible(true) disabled
	at io.netty.util.internal.ReflectionUtil.trySetAccessible(ReflectionUtil.java:31)
	at io.netty.util.internal.PlatformDependent0$4.run(PlatformDependent0.java:224)
	at java.base/java.security.AccessController.doPrivileged(AccessController.java:312)
	at io.netty.util.internal.PlatformDependent0.<clinit>(PlatformDependent0.java:218)
	at io.netty.util.internal.PlatformDependent.isAndroid(PlatformDependent.java:272)
	at io.netty.util.internal.PlatformDependent.<clinit>(PlatformDependent.java:92)
	at io.netty.channel.nio.NioEventLoop.newTaskQueue0(NioEventLoop.java:285)
	at io.netty.channel.nio.NioEventLoop.newTaskQueue(NioEventLoop.java:156)
	at io.netty.channel.nio.NioEventLoop.<init>(NioEventLoop.java:138)
	at io.netty.channel.nio.NioEventLoopGroup.newChild(NioEventLoopGroup.java:138)
	at io.netty.channel.nio.NioEventLoopGroup.newChild(NioEventLoopGroup.java:37)
	at io.netty.util.concurrent.MultithreadEventExecutorGroup.<init>(MultithreadEventExecutorGroup.java:84)
	at io.netty.util.concurrent.MultithreadEventExecutorGroup.<init>(MultithreadEventExecutorGroup.java:58)
	at io.netty.util.concurrent.MultithreadEventExecutorGroup.<init>(MultithreadEventExecutorGroup.java:47)
	at io.netty.channel.MultithreadEventLoopGroup.<init>(MultithreadEventLoopGroup.java:59)
	at io.netty.channel.nio.NioEventLoopGroup.<init>(NioEventLoopGroup.java:78)
	at io.netty.channel.nio.NioEventLoopGroup.<init>(NioEventLoopGroup.java:73)
	at io.netty.channel.nio.NioEventLoopGroup.<init>(NioEventLoopGroup.java:60)
	at io.vertx.core.net.impl.transport.Transport.eventLoopGroup(Transport.java:153)
	at io.vertx.core.impl.VertxImpl.<init>(VertxImpl.java:143)
	at io.vertx.core.impl.VertxImpl.vertx(VertxImpl.java:92)
	at io.vertx.core.impl.VertxFactoryImpl.vertx(VertxFactoryImpl.java:40)
	at io.vertx.core.impl.VertxFactoryImpl.vertx(VertxFactoryImpl.java:32)
	at io.vertx.core.Vertx.vertx(Vertx.java:85)
	at io.vertx.core.impl.launcher.commands.ClasspathHandler.create(ClasspathHandler.java:113)
	at io.vertx.core.impl.launcher.commands.BareCommand.startVertx(BareCommand.java:278)
	at io.vertx.core.impl.launcher.commands.BareCommand.run(BareCommand.java:192)
	at io.vertx.core.impl.launcher.commands.RunCommand.run(RunCommand.java:249)
	at io.vertx.core.impl.launcher.VertxCommandLauncher.execute(VertxCommandLauncher.java:248)
	at io.vertx.core.impl.launcher.VertxCommandLauncher.dispatch(VertxCommandLauncher.java:383)
	at io.vertx.core.impl.launcher.VertxCommandLauncher.dispatch(VertxCommandLauncher.java:346)
	at io.vertx.core.Launcher.main(Launcher.java:45)
17:43:33,186 DEBUG main PlatformDependent0:<clinit>:313 - java.nio.Bits.unaligned: available, true
17:43:33,188 DEBUG main PlatformDependent0:<clinit>:372 - jdk.internal.misc.Unsafe.allocateUninitializedArray(int): unavailable
java.lang.IllegalAccessException: class io.netty.util.internal.PlatformDependent0$6 cannot access class jdk.internal.misc.Unsafe (in module java.base) because module java.base does not export jdk.internal.misc to unnamed module @1f1c7bf6
	at java.base/jdk.internal.reflect.Reflection.newIllegalAccessException(Reflection.java:376)
	at java.base/java.lang.reflect.AccessibleObject.checkAccess(AccessibleObject.java:642)
	at java.base/java.lang.reflect.Method.invoke(Method.java:559)
	at io.netty.util.internal.PlatformDependent0$6.run(PlatformDependent0.java:334)
	at java.base/java.security.AccessController.doPrivileged(AccessController.java:312)
	at io.netty.util.internal.PlatformDependent0.<clinit>(PlatformDependent0.java:325)
	at io.netty.util.internal.PlatformDependent.isAndroid(PlatformDependent.java:272)
	at io.netty.util.internal.PlatformDependent.<clinit>(PlatformDependent.java:92)
	at io.netty.channel.nio.NioEventLoop.newTaskQueue0(NioEventLoop.java:285)
	at io.netty.channel.nio.NioEventLoop.newTaskQueue(NioEventLoop.java:156)
	at io.netty.channel.nio.NioEventLoop.<init>(NioEventLoop.java:138)
	at io.netty.channel.nio.NioEventLoopGroup.newChild(NioEventLoopGroup.java:138)
	at io.netty.channel.nio.NioEventLoopGroup.newChild(NioEventLoopGroup.java:37)
	at io.netty.util.concurrent.MultithreadEventExecutorGroup.<init>(MultithreadEventExecutorGroup.java:84)
	at io.netty.util.concurrent.MultithreadEventExecutorGroup.<init>(MultithreadEventExecutorGroup.java:58)
	at io.netty.util.concurrent.MultithreadEventExecutorGroup.<init>(MultithreadEventExecutorGroup.java:47)
	at io.netty.channel.MultithreadEventLoopGroup.<init>(MultithreadEventLoopGroup.java:59)
	at io.netty.channel.nio.NioEventLoopGroup.<init>(NioEventLoopGroup.java:78)
	at io.netty.channel.nio.NioEventLoopGroup.<init>(NioEventLoopGroup.java:73)
	at io.netty.channel.nio.NioEventLoopGroup.<init>(NioEventLoopGroup.java:60)
	at io.vertx.core.net.impl.transport.Transport.eventLoopGroup(Transport.java:153)
	at io.vertx.core.impl.VertxImpl.<init>(VertxImpl.java:143)
	at io.vertx.core.impl.VertxImpl.vertx(VertxImpl.java:92)
	at io.vertx.core.impl.VertxFactoryImpl.vertx(VertxFactoryImpl.java:40)
	at io.vertx.core.impl.VertxFactoryImpl.vertx(VertxFactoryImpl.java:32)
	at io.vertx.core.Vertx.vertx(Vertx.java:85)
	at io.vertx.core.impl.launcher.commands.ClasspathHandler.create(ClasspathHandler.java:113)
	at io.vertx.core.impl.launcher.commands.BareCommand.startVertx(BareCommand.java:278)
	at io.vertx.core.impl.launcher.commands.BareCommand.run(BareCommand.java:192)
	at io.vertx.core.impl.launcher.commands.RunCommand.run(RunCommand.java:249)
	at io.vertx.core.impl.launcher.VertxCommandLauncher.execute(VertxCommandLauncher.java:248)
	at io.vertx.core.impl.launcher.VertxCommandLauncher.dispatch(VertxCommandLauncher.java:383)
	at io.vertx.core.impl.launcher.VertxCommandLauncher.dispatch(VertxCommandLauncher.java:346)
	at io.vertx.core.Launcher.main(Launcher.java:45)
17:43:33,190 DEBUG main PlatformDependent0:<clinit>:385 - java.nio.DirectByteBuffer.<init>(long, int): unavailable
17:43:33,190 DEBUG main PlatformDependent:unsafeUnavailabilityCause0:1028 - sun.misc.Unsafe: available
17:43:33,219 DEBUG main PlatformDependent:maxDirectMemory0:1128 - maxDirectMemory: 4282384384 bytes (maybe)
17:43:33,220 DEBUG main PlatformDependent:tmpdir0:1147 - -Dio.netty.tmpdir: C:\Users\Placi\AppData\Local\Temp (java.io.tmpdir)
17:43:33,220 DEBUG main PlatformDependent:bitMode0:1226 - -Dio.netty.bitMode: 64 (sun.arch.data.model)
17:43:33,221 DEBUG main PlatformDependent:<clinit>:173 - -Dio.netty.maxDirectMemory: -1 bytes
17:43:33,221 DEBUG main PlatformDependent:<clinit>:180 - -Dio.netty.uninitializedArrayAllocationThreshold: -1
17:43:33,222 DEBUG main CleanerJava9:<clinit>:71 - java.nio.ByteBuffer.cleaner(): available
17:43:33,222 DEBUG main PlatformDependent:<clinit>:200 - -Dio.netty.noPreferDirect: false
17:43:33,229 DEBUG main PlatformDependent:<clinit>:890 - org.jctools-core.MpscChunkedArrayQueue: available
17:43:33,617 DEBUG main DefaultDnsServerAddressStreamProvider:<clinit>:82 - Default DNS servers: [/8.8.8.8:53, /8.8.4.4:53] (sun.net.dns.ResolverConfiguration)
17:43:33,755 DEBUG vert.x-eventloop-thread-1 PooledByteBufAllocator:<clinit>:142 - -Dio.netty.allocator.numHeapArenas: 24
17:43:33,756 DEBUG vert.x-eventloop-thread-1 PooledByteBufAllocator:<clinit>:143 - -Dio.netty.allocator.numDirectArenas: 24
17:43:33,756 DEBUG vert.x-eventloop-thread-1 PooledByteBufAllocator:<clinit>:145 - -Dio.netty.allocator.pageSize: 8192
17:43:33,756 DEBUG vert.x-eventloop-thread-1 PooledByteBufAllocator:<clinit>:150 - -Dio.netty.allocator.maxOrder: 11
17:43:33,756 DEBUG vert.x-eventloop-thread-1 PooledByteBufAllocator:<clinit>:154 - -Dio.netty.allocator.chunkSize: 16777216
17:43:33,756 DEBUG vert.x-eventloop-thread-1 PooledByteBufAllocator:<clinit>:155 - -Dio.netty.allocator.tinyCacheSize: 512
17:43:33,756 DEBUG vert.x-eventloop-thread-1 PooledByteBufAllocator:<clinit>:156 - -Dio.netty.allocator.smallCacheSize: 256
17:43:33,756 DEBUG vert.x-eventloop-thread-1 PooledByteBufAllocator:<clinit>:157 - -Dio.netty.allocator.normalCacheSize: 64
17:43:33,756 DEBUG vert.x-eventloop-thread-1 PooledByteBufAllocator:<clinit>:158 - -Dio.netty.allocator.maxCachedBufferCapacity: 32768
17:43:33,756 DEBUG vert.x-eventloop-thread-1 PooledByteBufAllocator:<clinit>:159 - -Dio.netty.allocator.cacheTrimInterval: 8192
17:43:33,757 DEBUG vert.x-eventloop-thread-1 PooledByteBufAllocator:<clinit>:160 - -Dio.netty.allocator.cacheTrimIntervalMillis: 0
17:43:33,757 DEBUG vert.x-eventloop-thread-1 PooledByteBufAllocator:<clinit>:161 - -Dio.netty.allocator.useCacheForAllThreads: true
17:43:33,757 DEBUG vert.x-eventloop-thread-1 PooledByteBufAllocator:<clinit>:162 - -Dio.netty.allocator.maxCachedByteBuffersPerChunk: 1023
17:43:33,790 DEBUG vert.x-eventloop-thread-1 NetUtil:<clinit>:139 - -Djava.net.preferIPv4Stack: false
17:43:33,790 DEBUG vert.x-eventloop-thread-1 NetUtil:<clinit>:140 - -Djava.net.preferIPv6Addresses: false
17:43:33,918 DEBUG vert.x-eventloop-thread-1 NetUtil:<clinit>:224 - Loopback interface: lo (Software Loopback Interface 1, 127.0.0.1)
17:43:33,919 DEBUG vert.x-eventloop-thread-1 NetUtil:run:289 - Failed to get SOMAXCONN from sysctl and file \proc\sys\net\core\somaxconn. Default: 200
17:43:34,081 DEBUG vert.x-eventloop-thread-1 DefaultChannelId:<clinit>:79 - -Dio.netty.processId: 17216 (auto-detected)
17:43:34,226 DEBUG vert.x-eventloop-thread-1 DefaultChannelId:<clinit>:101 - -Dio.netty.machineId: 1c:1b:0d:ff:fe:e2:83:85 (auto-detected)
17:43:34,245 DEBUG vert.x-eventloop-thread-1 ByteBufUtil:<clinit>:85 - -Dio.netty.allocator.type: pooled
17:43:34,245 DEBUG vert.x-eventloop-thread-1 ByteBufUtil:<clinit>:94 - -Dio.netty.threadLocalDirectBufferSize: 0
17:43:34,245 DEBUG vert.x-eventloop-thread-1 ByteBufUtil:<clinit>:97 - -Dio.netty.maxThreadLocalCharBufferSize: 16384
17:44:26,725 DEBUG main InternalLoggerFactory:newDefaultFactory:47 - Using Log4J as the default logging framework
17:44:26,728 DEBUG main ResourceLeakDetector:<clinit>:129 - -Dio.netty.leakDetection.level: simple
17:44:26,728 DEBUG main ResourceLeakDetector:<clinit>:130 - -Dio.netty.leakDetection.targetRecords: 4
17:44:26,740 DEBUG main InternalThreadLocalMap:<clinit>:54 - -Dio.netty.threadLocalMap.stringBuilder.initialSize: 1024
17:44:26,740 DEBUG main InternalThreadLocalMap:<clinit>:57 - -Dio.netty.threadLocalMap.stringBuilder.maxSize: 4096
17:44:26,746 DEBUG main MultithreadEventLoopGroup:<clinit>:44 - -Dio.netty.eventLoopThreads: 24
17:44:26,768 DEBUG main NioEventLoop:<clinit>:106 - -Dio.netty.noKeySetOptimization: false
17:44:26,769 DEBUG main NioEventLoop:<clinit>:107 - -Dio.netty.selectorAutoRebuildThreshold: 512
17:44:26,782 DEBUG main PlatformDependent:isWindows0:985 - Platform: Windows
17:44:26,784 DEBUG main PlatformDependent0:explicitNoUnsafeCause0:395 - -Dio.netty.noUnsafe: false
17:44:26,784 DEBUG main PlatformDependent0:javaVersion0:851 - Java version: 13
17:44:26,785 DEBUG main PlatformDependent0:<clinit>:120 - sun.misc.Unsafe.theUnsafe: available
17:44:26,786 DEBUG main PlatformDependent0:<clinit>:144 - sun.misc.Unsafe.copyMemory: available
17:44:26,787 DEBUG main PlatformDependent0:<clinit>:182 - java.nio.Buffer.address: available
17:44:26,787 DEBUG main PlatformDependent0:<clinit>:252 - direct buffer constructor: unavailable
java.lang.UnsupportedOperationException: Reflective setAccessible(true) disabled
	at io.netty.util.internal.ReflectionUtil.trySetAccessible(ReflectionUtil.java:31)
	at io.netty.util.internal.PlatformDependent0$4.run(PlatformDependent0.java:224)
	at java.base/java.security.AccessController.doPrivileged(AccessController.java:312)
	at io.netty.util.internal.PlatformDependent0.<clinit>(PlatformDependent0.java:218)
	at io.netty.util.internal.PlatformDependent.isAndroid(PlatformDependent.java:272)
	at io.netty.util.internal.PlatformDependent.<clinit>(PlatformDependent.java:92)
	at io.netty.channel.nio.NioEventLoop.newTaskQueue0(NioEventLoop.java:285)
	at io.netty.channel.nio.NioEventLoop.newTaskQueue(NioEventLoop.java:156)
	at io.netty.channel.nio.NioEventLoop.<init>(NioEventLoop.java:138)
	at io.netty.channel.nio.NioEventLoopGroup.newChild(NioEventLoopGroup.java:138)
	at io.netty.channel.nio.NioEventLoopGroup.newChild(NioEventLoopGroup.java:37)
	at io.netty.util.concurrent.MultithreadEventExecutorGroup.<init>(MultithreadEventExecutorGroup.java:84)
	at io.netty.util.concurrent.MultithreadEventExecutorGroup.<init>(MultithreadEventExecutorGroup.java:58)
	at io.netty.util.concurrent.MultithreadEventExecutorGroup.<init>(MultithreadEventExecutorGroup.java:47)
	at io.netty.channel.MultithreadEventLoopGroup.<init>(MultithreadEventLoopGroup.java:59)
	at io.netty.channel.nio.NioEventLoopGroup.<init>(NioEventLoopGroup.java:78)
	at io.netty.channel.nio.NioEventLoopGroup.<init>(NioEventLoopGroup.java:73)
	at io.netty.channel.nio.NioEventLoopGroup.<init>(NioEventLoopGroup.java:60)
	at io.vertx.core.net.impl.transport.Transport.eventLoopGroup(Transport.java:153)
	at io.vertx.core.impl.VertxImpl.<init>(VertxImpl.java:143)
	at io.vertx.core.impl.VertxImpl.vertx(VertxImpl.java:92)
	at io.vertx.core.impl.VertxFactoryImpl.vertx(VertxFactoryImpl.java:40)
	at io.vertx.core.impl.VertxFactoryImpl.vertx(VertxFactoryImpl.java:32)
	at io.vertx.core.Vertx.vertx(Vertx.java:85)
	at io.vertx.core.impl.launcher.commands.ClasspathHandler.create(ClasspathHandler.java:113)
	at io.vertx.core.impl.launcher.commands.BareCommand.startVertx(BareCommand.java:278)
	at io.vertx.core.impl.launcher.commands.BareCommand.run(BareCommand.java:192)
	at io.vertx.core.impl.launcher.commands.RunCommand.run(RunCommand.java:249)
	at io.vertx.core.impl.launcher.VertxCommandLauncher.execute(VertxCommandLauncher.java:248)
	at io.vertx.core.impl.launcher.VertxCommandLauncher.dispatch(VertxCommandLauncher.java:383)
	at io.vertx.core.impl.launcher.VertxCommandLauncher.dispatch(VertxCommandLauncher.java:346)
	at io.vertx.core.Launcher.main(Launcher.java:45)
17:44:26,790 DEBUG main PlatformDependent0:<clinit>:313 - java.nio.Bits.unaligned: available, true
17:44:26,793 DEBUG main PlatformDependent0:<clinit>:372 - jdk.internal.misc.Unsafe.allocateUninitializedArray(int): unavailable
java.lang.IllegalAccessException: class io.netty.util.internal.PlatformDependent0$6 cannot access class jdk.internal.misc.Unsafe (in module java.base) because module java.base does not export jdk.internal.misc to unnamed module @1f1c7bf6
	at java.base/jdk.internal.reflect.Reflection.newIllegalAccessException(Reflection.java:376)
	at java.base/java.lang.reflect.AccessibleObject.checkAccess(AccessibleObject.java:642)
	at java.base/java.lang.reflect.Method.invoke(Method.java:559)
	at io.netty.util.internal.PlatformDependent0$6.run(PlatformDependent0.java:334)
	at java.base/java.security.AccessController.doPrivileged(AccessController.java:312)
	at io.netty.util.internal.PlatformDependent0.<clinit>(PlatformDependent0.java:325)
	at io.netty.util.internal.PlatformDependent.isAndroid(PlatformDependent.java:272)
	at io.netty.util.internal.PlatformDependent.<clinit>(PlatformDependent.java:92)
	at io.netty.channel.nio.NioEventLoop.newTaskQueue0(NioEventLoop.java:285)
	at io.netty.channel.nio.NioEventLoop.newTaskQueue(NioEventLoop.java:156)
	at io.netty.channel.nio.NioEventLoop.<init>(NioEventLoop.java:138)
	at io.netty.channel.nio.NioEventLoopGroup.newChild(NioEventLoopGroup.java:138)
	at io.netty.channel.nio.NioEventLoopGroup.newChild(NioEventLoopGroup.java:37)
	at io.netty.util.concurrent.MultithreadEventExecutorGroup.<init>(MultithreadEventExecutorGroup.java:84)
	at io.netty.util.concurrent.MultithreadEventExecutorGroup.<init>(MultithreadEventExecutorGroup.java:58)
	at io.netty.util.concurrent.MultithreadEventExecutorGroup.<init>(MultithreadEventExecutorGroup.java:47)
	at io.netty.channel.MultithreadEventLoopGroup.<init>(MultithreadEventLoopGroup.java:59)
	at io.netty.channel.nio.NioEventLoopGroup.<init>(NioEventLoopGroup.java:78)
	at io.netty.channel.nio.NioEventLoopGroup.<init>(NioEventLoopGroup.java:73)
	at io.netty.channel.nio.NioEventLoopGroup.<init>(NioEventLoopGroup.java:60)
	at io.vertx.core.net.impl.transport.Transport.eventLoopGroup(Transport.java:153)
	at io.vertx.core.impl.VertxImpl.<init>(VertxImpl.java:143)
	at io.vertx.core.impl.VertxImpl.vertx(VertxImpl.java:92)
	at io.vertx.core.impl.VertxFactoryImpl.vertx(VertxFactoryImpl.java:40)
	at io.vertx.core.impl.VertxFactoryImpl.vertx(VertxFactoryImpl.java:32)
	at io.vertx.core.Vertx.vertx(Vertx.java:85)
	at io.vertx.core.impl.launcher.commands.ClasspathHandler.create(ClasspathHandler.java:113)
	at io.vertx.core.impl.launcher.commands.BareCommand.startVertx(BareCommand.java:278)
	at io.vertx.core.impl.launcher.commands.BareCommand.run(BareCommand.java:192)
	at io.vertx.core.impl.launcher.commands.RunCommand.run(RunCommand.java:249)
	at io.vertx.core.impl.launcher.VertxCommandLauncher.execute(VertxCommandLauncher.java:248)
	at io.vertx.core.impl.launcher.VertxCommandLauncher.dispatch(VertxCommandLauncher.java:383)
	at io.vertx.core.impl.launcher.VertxCommandLauncher.dispatch(VertxCommandLauncher.java:346)
	at io.vertx.core.Launcher.main(Launcher.java:45)
17:44:26,794 DEBUG main PlatformDependent0:<clinit>:385 - java.nio.DirectByteBuffer.<init>(long, int): unavailable
17:44:26,794 DEBUG main PlatformDependent:unsafeUnavailabilityCause0:1028 - sun.misc.Unsafe: available
17:44:26,807 DEBUG main PlatformDependent:maxDirectMemory0:1128 - maxDirectMemory: 4282384384 bytes (maybe)
17:44:26,808 DEBUG main PlatformDependent:tmpdir0:1147 - -Dio.netty.tmpdir: C:\Users\Placi\AppData\Local\Temp (java.io.tmpdir)
17:44:26,808 DEBUG main PlatformDependent:bitMode0:1226 - -Dio.netty.bitMode: 64 (sun.arch.data.model)
17:44:26,809 DEBUG main PlatformDependent:<clinit>:173 - -Dio.netty.maxDirectMemory: -1 bytes
17:44:26,809 DEBUG main PlatformDependent:<clinit>:180 - -Dio.netty.uninitializedArrayAllocationThreshold: -1
17:44:26,810 DEBUG main CleanerJava9:<clinit>:71 - java.nio.ByteBuffer.cleaner(): available
17:44:26,810 DEBUG main PlatformDependent:<clinit>:200 - -Dio.netty.noPreferDirect: false
17:44:26,816 DEBUG main PlatformDependent:<clinit>:890 - org.jctools-core.MpscChunkedArrayQueue: available
17:44:27,165 DEBUG main DefaultDnsServerAddressStreamProvider:<clinit>:82 - Default DNS servers: [/8.8.8.8:53, /8.8.4.4:53] (sun.net.dns.ResolverConfiguration)
17:44:27,277 DEBUG vert.x-eventloop-thread-1 PooledByteBufAllocator:<clinit>:142 - -Dio.netty.allocator.numHeapArenas: 24
17:44:27,278 DEBUG vert.x-eventloop-thread-1 PooledByteBufAllocator:<clinit>:143 - -Dio.netty.allocator.numDirectArenas: 24
17:44:27,278 DEBUG vert.x-eventloop-thread-1 PooledByteBufAllocator:<clinit>:145 - -Dio.netty.allocator.pageSize: 8192
17:44:27,278 DEBUG vert.x-eventloop-thread-1 PooledByteBufAllocator:<clinit>:150 - -Dio.netty.allocator.maxOrder: 11
17:44:27,278 DEBUG vert.x-eventloop-thread-1 PooledByteBufAllocator:<clinit>:154 - -Dio.netty.allocator.chunkSize: 16777216
17:44:27,278 DEBUG vert.x-eventloop-thread-1 PooledByteBufAllocator:<clinit>:155 - -Dio.netty.allocator.tinyCacheSize: 512
17:44:27,278 DEBUG vert.x-eventloop-thread-1 PooledByteBufAllocator:<clinit>:156 - -Dio.netty.allocator.smallCacheSize: 256
17:44:27,278 DEBUG vert.x-eventloop-thread-1 PooledByteBufAllocator:<clinit>:157 - -Dio.netty.allocator.normalCacheSize: 64
17:44:27,278 DEBUG vert.x-eventloop-thread-1 PooledByteBufAllocator:<clinit>:158 - -Dio.netty.allocator.maxCachedBufferCapacity: 32768
17:44:27,278 DEBUG vert.x-eventloop-thread-1 PooledByteBufAllocator:<clinit>:159 - -Dio.netty.allocator.cacheTrimInterval: 8192
17:44:27,278 DEBUG vert.x-eventloop-thread-1 PooledByteBufAllocator:<clinit>:160 - -Dio.netty.allocator.cacheTrimIntervalMillis: 0
17:44:27,279 DEBUG vert.x-eventloop-thread-1 PooledByteBufAllocator:<clinit>:161 - -Dio.netty.allocator.useCacheForAllThreads: true
17:44:27,279 DEBUG vert.x-eventloop-thread-1 PooledByteBufAllocator:<clinit>:162 - -Dio.netty.allocator.maxCachedByteBuffersPerChunk: 1023
17:44:27,305 DEBUG vert.x-eventloop-thread-1 NetUtil:<clinit>:139 - -Djava.net.preferIPv4Stack: false
17:44:27,305 DEBUG vert.x-eventloop-thread-1 NetUtil:<clinit>:140 - -Djava.net.preferIPv6Addresses: false
17:44:27,432 DEBUG vert.x-eventloop-thread-1 NetUtil:<clinit>:224 - Loopback interface: lo (Software Loopback Interface 1, 127.0.0.1)
17:44:27,433 DEBUG vert.x-eventloop-thread-1 NetUtil:run:289 - Failed to get SOMAXCONN from sysctl and file \proc\sys\net\core\somaxconn. Default: 200
17:44:27,598 DEBUG vert.x-eventloop-thread-1 DefaultChannelId:<clinit>:79 - -Dio.netty.processId: 19872 (auto-detected)
17:44:27,750 DEBUG vert.x-eventloop-thread-1 DefaultChannelId:<clinit>:101 - -Dio.netty.machineId: 1c:1b:0d:ff:fe:e2:83:85 (auto-detected)
17:44:27,766 DEBUG vert.x-eventloop-thread-1 ByteBufUtil:<clinit>:85 - -Dio.netty.allocator.type: pooled
17:44:27,766 DEBUG vert.x-eventloop-thread-1 ByteBufUtil:<clinit>:94 - -Dio.netty.threadLocalDirectBufferSize: 0
17:44:27,766 DEBUG vert.x-eventloop-thread-1 ByteBufUtil:<clinit>:97 - -Dio.netty.maxThreadLocalCharBufferSize: 16384
17:44:30,832 DEBUG vert.x-eventloop-thread-1 Recycler:<clinit>:96 - -Dio.netty.recycler.maxCapacityPerThread: 4096
17:44:30,832 DEBUG vert.x-eventloop-thread-1 Recycler:<clinit>:97 - -Dio.netty.recycler.maxSharedCapacityFactor: 2
17:44:30,832 DEBUG vert.x-eventloop-thread-1 Recycler:<clinit>:98 - -Dio.netty.recycler.linkCapacity: 16
17:44:30,832 DEBUG vert.x-eventloop-thread-1 Recycler:<clinit>:99 - -Dio.netty.recycler.ratio: 8
17:44:30,840 DEBUG vert.x-eventloop-thread-1 AbstractByteBuf:<clinit>:62 - -Dio.netty.buffer.checkAccessible: true
17:44:30,840 DEBUG vert.x-eventloop-thread-1 AbstractByteBuf:<clinit>:63 - -Dio.netty.buffer.checkBounds: true
17:44:30,841 DEBUG vert.x-eventloop-thread-1 ResourceLeakDetectorFactory:newResourceLeakDetector:195 - Loaded default ResourceLeakDetector: io.netty.util.ResourceLeakDetector@4a736023
17:44:30,909 DEBUG vert.x-eventloop-thread-1 ZlibCodecFactory:<clinit>:39 - -Dio.netty.noJdkZlibDecoder: false
17:44:30,910 DEBUG vert.x-eventloop-thread-1 ZlibCodecFactory:<clinit>:42 - -Dio.netty.noJdkZlibEncoder: false
17:49:27,759 DEBUG main InternalLoggerFactory:newDefaultFactory:47 - Using Log4J as the default logging framework
17:49:27,762 DEBUG main ResourceLeakDetector:<clinit>:129 - -Dio.netty.leakDetection.level: simple
17:49:27,762 DEBUG main ResourceLeakDetector:<clinit>:130 - -Dio.netty.leakDetection.targetRecords: 4
17:49:27,774 DEBUG main InternalThreadLocalMap:<clinit>:54 - -Dio.netty.threadLocalMap.stringBuilder.initialSize: 1024
17:49:27,774 DEBUG main InternalThreadLocalMap:<clinit>:57 - -Dio.netty.threadLocalMap.stringBuilder.maxSize: 4096
17:49:27,781 DEBUG main MultithreadEventLoopGroup:<clinit>:44 - -Dio.netty.eventLoopThreads: 24
17:49:27,803 DEBUG main NioEventLoop:<clinit>:106 - -Dio.netty.noKeySetOptimization: false
17:49:27,803 DEBUG main NioEventLoop:<clinit>:107 - -Dio.netty.selectorAutoRebuildThreshold: 512
17:49:27,817 DEBUG main PlatformDependent:isWindows0:985 - Platform: Windows
17:49:27,819 DEBUG main PlatformDependent0:explicitNoUnsafeCause0:395 - -Dio.netty.noUnsafe: false
17:49:27,819 DEBUG main PlatformDependent0:javaVersion0:851 - Java version: 13
17:49:27,820 DEBUG main PlatformDependent0:<clinit>:120 - sun.misc.Unsafe.theUnsafe: available
17:49:27,821 DEBUG main PlatformDependent0:<clinit>:144 - sun.misc.Unsafe.copyMemory: available
17:49:27,822 DEBUG main PlatformDependent0:<clinit>:182 - java.nio.Buffer.address: available
17:49:27,822 DEBUG main PlatformDependent0:<clinit>:252 - direct buffer constructor: unavailable
java.lang.UnsupportedOperationException: Reflective setAccessible(true) disabled
	at io.netty.util.internal.ReflectionUtil.trySetAccessible(ReflectionUtil.java:31)
	at io.netty.util.internal.PlatformDependent0$4.run(PlatformDependent0.java:224)
	at java.base/java.security.AccessController.doPrivileged(AccessController.java:312)
	at io.netty.util.internal.PlatformDependent0.<clinit>(PlatformDependent0.java:218)
	at io.netty.util.internal.PlatformDependent.isAndroid(PlatformDependent.java:272)
	at io.netty.util.internal.PlatformDependent.<clinit>(PlatformDependent.java:92)
	at io.netty.channel.nio.NioEventLoop.newTaskQueue0(NioEventLoop.java:285)
	at io.netty.channel.nio.NioEventLoop.newTaskQueue(NioEventLoop.java:156)
	at io.netty.channel.nio.NioEventLoop.<init>(NioEventLoop.java:138)
	at io.netty.channel.nio.NioEventLoopGroup.newChild(NioEventLoopGroup.java:138)
	at io.netty.channel.nio.NioEventLoopGroup.newChild(NioEventLoopGroup.java:37)
	at io.netty.util.concurrent.MultithreadEventExecutorGroup.<init>(MultithreadEventExecutorGroup.java:84)
	at io.netty.util.concurrent.MultithreadEventExecutorGroup.<init>(MultithreadEventExecutorGroup.java:58)
	at io.netty.util.concurrent.MultithreadEventExecutorGroup.<init>(MultithreadEventExecutorGroup.java:47)
	at io.netty.channel.MultithreadEventLoopGroup.<init>(MultithreadEventLoopGroup.java:59)
	at io.netty.channel.nio.NioEventLoopGroup.<init>(NioEventLoopGroup.java:78)
	at io.netty.channel.nio.NioEventLoopGroup.<init>(NioEventLoopGroup.java:73)
	at io.netty.channel.nio.NioEventLoopGroup.<init>(NioEventLoopGroup.java:60)
	at io.vertx.core.net.impl.transport.Transport.eventLoopGroup(Transport.java:153)
	at io.vertx.core.impl.VertxImpl.<init>(VertxImpl.java:143)
	at io.vertx.core.impl.VertxImpl.vertx(VertxImpl.java:92)
	at io.vertx.core.impl.VertxFactoryImpl.vertx(VertxFactoryImpl.java:40)
	at io.vertx.core.impl.VertxFactoryImpl.vertx(VertxFactoryImpl.java:32)
	at io.vertx.core.Vertx.vertx(Vertx.java:85)
	at io.vertx.core.impl.launcher.commands.ClasspathHandler.create(ClasspathHandler.java:113)
	at io.vertx.core.impl.launcher.commands.BareCommand.startVertx(BareCommand.java:278)
	at io.vertx.core.impl.launcher.commands.BareCommand.run(BareCommand.java:192)
	at io.vertx.core.impl.launcher.commands.RunCommand.run(RunCommand.java:249)
	at io.vertx.core.impl.launcher.VertxCommandLauncher.execute(VertxCommandLauncher.java:248)
	at io.vertx.core.impl.launcher.VertxCommandLauncher.dispatch(VertxCommandLauncher.java:383)
	at io.vertx.core.impl.launcher.VertxCommandLauncher.dispatch(VertxCommandLauncher.java:346)
	at io.vertx.core.Launcher.main(Launcher.java:45)
17:49:27,825 DEBUG main PlatformDependent0:<clinit>:313 - java.nio.Bits.unaligned: available, true
17:49:27,828 DEBUG main PlatformDependent0:<clinit>:372 - jdk.internal.misc.Unsafe.allocateUninitializedArray(int): unavailable
java.lang.IllegalAccessException: class io.netty.util.internal.PlatformDependent0$6 cannot access class jdk.internal.misc.Unsafe (in module java.base) because module java.base does not export jdk.internal.misc to unnamed module @1f1c7bf6
	at java.base/jdk.internal.reflect.Reflection.newIllegalAccessException(Reflection.java:376)
	at java.base/java.lang.reflect.AccessibleObject.checkAccess(AccessibleObject.java:642)
	at java.base/java.lang.reflect.Method.invoke(Method.java:559)
	at io.netty.util.internal.PlatformDependent0$6.run(PlatformDependent0.java:334)
	at java.base/java.security.AccessController.doPrivileged(AccessController.java:312)
	at io.netty.util.internal.PlatformDependent0.<clinit>(PlatformDependent0.java:325)
	at io.netty.util.internal.PlatformDependent.isAndroid(PlatformDependent.java:272)
	at io.netty.util.internal.PlatformDependent.<clinit>(PlatformDependent.java:92)
	at io.netty.channel.nio.NioEventLoop.newTaskQueue0(NioEventLoop.java:285)
	at io.netty.channel.nio.NioEventLoop.newTaskQueue(NioEventLoop.java:156)
	at io.netty.channel.nio.NioEventLoop.<init>(NioEventLoop.java:138)
	at io.netty.channel.nio.NioEventLoopGroup.newChild(NioEventLoopGroup.java:138)
	at io.netty.channel.nio.NioEventLoopGroup.newChild(NioEventLoopGroup.java:37)
	at io.netty.util.concurrent.MultithreadEventExecutorGroup.<init>(MultithreadEventExecutorGroup.java:84)
	at io.netty.util.concurrent.MultithreadEventExecutorGroup.<init>(MultithreadEventExecutorGroup.java:58)
	at io.netty.util.concurrent.MultithreadEventExecutorGroup.<init>(MultithreadEventExecutorGroup.java:47)
	at io.netty.channel.MultithreadEventLoopGroup.<init>(MultithreadEventLoopGroup.java:59)
	at io.netty.channel.nio.NioEventLoopGroup.<init>(NioEventLoopGroup.java:78)
	at io.netty.channel.nio.NioEventLoopGroup.<init>(NioEventLoopGroup.java:73)
	at io.netty.channel.nio.NioEventLoopGroup.<init>(NioEventLoopGroup.java:60)
	at io.vertx.core.net.impl.transport.Transport.eventLoopGroup(Transport.java:153)
	at io.vertx.core.impl.VertxImpl.<init>(VertxImpl.java:143)
	at io.vertx.core.impl.VertxImpl.vertx(VertxImpl.java:92)
	at io.vertx.core.impl.VertxFactoryImpl.vertx(VertxFactoryImpl.java:40)
	at io.vertx.core.impl.VertxFactoryImpl.vertx(VertxFactoryImpl.java:32)
	at io.vertx.core.Vertx.vertx(Vertx.java:85)
	at io.vertx.core.impl.launcher.commands.ClasspathHandler.create(ClasspathHandler.java:113)
	at io.vertx.core.impl.launcher.commands.BareCommand.startVertx(BareCommand.java:278)
	at io.vertx.core.impl.launcher.commands.BareCommand.run(BareCommand.java:192)
	at io.vertx.core.impl.launcher.commands.RunCommand.run(RunCommand.java:249)
	at io.vertx.core.impl.launcher.VertxCommandLauncher.execute(VertxCommandLauncher.java:248)
	at io.vertx.core.impl.launcher.VertxCommandLauncher.dispatch(VertxCommandLauncher.java:383)
	at io.vertx.core.impl.launcher.VertxCommandLauncher.dispatch(VertxCommandLauncher.java:346)
	at io.vertx.core.Launcher.main(Launcher.java:45)
17:49:27,829 DEBUG main PlatformDependent0:<clinit>:385 - java.nio.DirectByteBuffer.<init>(long, int): unavailable
17:49:27,829 DEBUG main PlatformDependent:unsafeUnavailabilityCause0:1028 - sun.misc.Unsafe: available
17:49:27,842 DEBUG main PlatformDependent:maxDirectMemory0:1128 - maxDirectMemory: 4282384384 bytes (maybe)
17:49:27,842 DEBUG main PlatformDependent:tmpdir0:1147 - -Dio.netty.tmpdir: C:\Users\Placi\AppData\Local\Temp (java.io.tmpdir)
17:49:27,842 DEBUG main PlatformDependent:bitMode0:1226 - -Dio.netty.bitMode: 64 (sun.arch.data.model)
17:49:27,843 DEBUG main PlatformDependent:<clinit>:173 - -Dio.netty.maxDirectMemory: -1 bytes
17:49:27,843 DEBUG main PlatformDependent:<clinit>:180 - -Dio.netty.uninitializedArrayAllocationThreshold: -1
17:49:27,844 DEBUG main CleanerJava9:<clinit>:71 - java.nio.ByteBuffer.cleaner(): available
17:49:27,844 DEBUG main PlatformDependent:<clinit>:200 - -Dio.netty.noPreferDirect: false
17:49:27,850 DEBUG main PlatformDependent:<clinit>:890 - org.jctools-core.MpscChunkedArrayQueue: available
17:49:28,199 DEBUG main DefaultDnsServerAddressStreamProvider:<clinit>:82 - Default DNS servers: [/8.8.8.8:53, /8.8.4.4:53] (sun.net.dns.ResolverConfiguration)
17:49:28,311 DEBUG vert.x-eventloop-thread-1 PooledByteBufAllocator:<clinit>:142 - -Dio.netty.allocator.numHeapArenas: 24
17:49:28,312 DEBUG vert.x-eventloop-thread-1 PooledByteBufAllocator:<clinit>:143 - -Dio.netty.allocator.numDirectArenas: 24
17:49:28,312 DEBUG vert.x-eventloop-thread-1 PooledByteBufAllocator:<clinit>:145 - -Dio.netty.allocator.pageSize: 8192
17:49:28,312 DEBUG vert.x-eventloop-thread-1 PooledByteBufAllocator:<clinit>:150 - -Dio.netty.allocator.maxOrder: 11
17:49:28,312 DEBUG vert.x-eventloop-thread-1 PooledByteBufAllocator:<clinit>:154 - -Dio.netty.allocator.chunkSize: 16777216
17:49:28,313 DEBUG vert.x-eventloop-thread-1 PooledByteBufAllocator:<clinit>:155 - -Dio.netty.allocator.tinyCacheSize: 512
17:49:28,313 DEBUG vert.x-eventloop-thread-1 PooledByteBufAllocator:<clinit>:156 - -Dio.netty.allocator.smallCacheSize: 256
17:49:28,313 DEBUG vert.x-eventloop-thread-1 PooledByteBufAllocator:<clinit>:157 - -Dio.netty.allocator.normalCacheSize: 64
17:49:28,313 DEBUG vert.x-eventloop-thread-1 PooledByteBufAllocator:<clinit>:158 - -Dio.netty.allocator.maxCachedBufferCapacity: 32768
17:49:28,313 DEBUG vert.x-eventloop-thread-1 PooledByteBufAllocator:<clinit>:159 - -Dio.netty.allocator.cacheTrimInterval: 8192
17:49:28,313 DEBUG vert.x-eventloop-thread-1 PooledByteBufAllocator:<clinit>:160 - -Dio.netty.allocator.cacheTrimIntervalMillis: 0
17:49:28,313 DEBUG vert.x-eventloop-thread-1 PooledByteBufAllocator:<clinit>:161 - -Dio.netty.allocator.useCacheForAllThreads: true
17:49:28,313 DEBUG vert.x-eventloop-thread-1 PooledByteBufAllocator:<clinit>:162 - -Dio.netty.allocator.maxCachedByteBuffersPerChunk: 1023
17:49:28,339 DEBUG vert.x-eventloop-thread-1 NetUtil:<clinit>:139 - -Djava.net.preferIPv4Stack: false
17:49:28,339 DEBUG vert.x-eventloop-thread-1 NetUtil:<clinit>:140 - -Djava.net.preferIPv6Addresses: false
17:49:28,466 DEBUG vert.x-eventloop-thread-1 NetUtil:<clinit>:224 - Loopback interface: lo (Software Loopback Interface 1, 127.0.0.1)
17:49:28,467 DEBUG vert.x-eventloop-thread-1 NetUtil:run:289 - Failed to get SOMAXCONN from sysctl and file \proc\sys\net\core\somaxconn. Default: 200
17:49:28,623 DEBUG vert.x-eventloop-thread-1 DefaultChannelId:<clinit>:79 - -Dio.netty.processId: 15392 (auto-detected)
17:49:28,767 DEBUG vert.x-eventloop-thread-1 DefaultChannelId:<clinit>:101 - -Dio.netty.machineId: 1c:1b:0d:ff:fe:e2:83:85 (auto-detected)
17:49:28,784 DEBUG vert.x-eventloop-thread-1 ByteBufUtil:<clinit>:85 - -Dio.netty.allocator.type: pooled
17:49:28,784 DEBUG vert.x-eventloop-thread-1 ByteBufUtil:<clinit>:94 - -Dio.netty.threadLocalDirectBufferSize: 0
17:49:28,784 DEBUG vert.x-eventloop-thread-1 ByteBufUtil:<clinit>:97 - -Dio.netty.maxThreadLocalCharBufferSize: 16384
17:49:33,172 DEBUG vert.x-eventloop-thread-1 Recycler:<clinit>:96 - -Dio.netty.recycler.maxCapacityPerThread: 4096
17:49:33,172 DEBUG vert.x-eventloop-thread-1 Recycler:<clinit>:97 - -Dio.netty.recycler.maxSharedCapacityFactor: 2
17:49:33,172 DEBUG vert.x-eventloop-thread-1 Recycler:<clinit>:98 - -Dio.netty.recycler.linkCapacity: 16
17:49:33,172 DEBUG vert.x-eventloop-thread-1 Recycler:<clinit>:99 - -Dio.netty.recycler.ratio: 8
17:49:33,183 DEBUG vert.x-eventloop-thread-1 AbstractByteBuf:<clinit>:62 - -Dio.netty.buffer.checkAccessible: true
17:49:33,183 DEBUG vert.x-eventloop-thread-1 AbstractByteBuf:<clinit>:63 - -Dio.netty.buffer.checkBounds: true
17:49:33,184 DEBUG vert.x-eventloop-thread-1 ResourceLeakDetectorFactory:newResourceLeakDetector:195 - Loaded default ResourceLeakDetector: io.netty.util.ResourceLeakDetector@7bb85fe2
17:49:33,242 DEBUG vert.x-eventloop-thread-1 ZlibCodecFactory:<clinit>:39 - -Dio.netty.noJdkZlibDecoder: false
17:49:33,242 DEBUG vert.x-eventloop-thread-1 ZlibCodecFactory:<clinit>:42 - -Dio.netty.noJdkZlibEncoder: false
17:50:11,998 DEBUG main InternalLoggerFactory:newDefaultFactory:47 - Using Log4J as the default logging framework
17:50:12,002 DEBUG main ResourceLeakDetector:<clinit>:129 - -Dio.netty.leakDetection.level: simple
17:50:12,002 DEBUG main ResourceLeakDetector:<clinit>:130 - -Dio.netty.leakDetection.targetRecords: 4
17:50:12,014 DEBUG main InternalThreadLocalMap:<clinit>:54 - -Dio.netty.threadLocalMap.stringBuilder.initialSize: 1024
17:50:12,014 DEBUG main InternalThreadLocalMap:<clinit>:57 - -Dio.netty.threadLocalMap.stringBuilder.maxSize: 4096
17:50:12,021 DEBUG main MultithreadEventLoopGroup:<clinit>:44 - -Dio.netty.eventLoopThreads: 24
17:50:12,043 DEBUG main NioEventLoop:<clinit>:106 - -Dio.netty.noKeySetOptimization: false
17:50:12,044 DEBUG main NioEventLoop:<clinit>:107 - -Dio.netty.selectorAutoRebuildThreshold: 512
17:50:12,057 DEBUG main PlatformDependent:isWindows0:985 - Platform: Windows
17:50:12,059 DEBUG main PlatformDependent0:explicitNoUnsafeCause0:395 - -Dio.netty.noUnsafe: false
17:50:12,059 DEBUG main PlatformDependent0:javaVersion0:851 - Java version: 13
17:50:12,061 DEBUG main PlatformDependent0:<clinit>:120 - sun.misc.Unsafe.theUnsafe: available
17:50:12,062 DEBUG main PlatformDependent0:<clinit>:144 - sun.misc.Unsafe.copyMemory: available
17:50:12,062 DEBUG main PlatformDependent0:<clinit>:182 - java.nio.Buffer.address: available
17:50:12,063 DEBUG main PlatformDependent0:<clinit>:252 - direct buffer constructor: unavailable
java.lang.UnsupportedOperationException: Reflective setAccessible(true) disabled
	at io.netty.util.internal.ReflectionUtil.trySetAccessible(ReflectionUtil.java:31)
	at io.netty.util.internal.PlatformDependent0$4.run(PlatformDependent0.java:224)
	at java.base/java.security.AccessController.doPrivileged(AccessController.java:312)
	at io.netty.util.internal.PlatformDependent0.<clinit>(PlatformDependent0.java:218)
	at io.netty.util.internal.PlatformDependent.isAndroid(PlatformDependent.java:272)
	at io.netty.util.internal.PlatformDependent.<clinit>(PlatformDependent.java:92)
	at io.netty.channel.nio.NioEventLoop.newTaskQueue0(NioEventLoop.java:285)
	at io.netty.channel.nio.NioEventLoop.newTaskQueue(NioEventLoop.java:156)
	at io.netty.channel.nio.NioEventLoop.<init>(NioEventLoop.java:138)
	at io.netty.channel.nio.NioEventLoopGroup.newChild(NioEventLoopGroup.java:138)
	at io.netty.channel.nio.NioEventLoopGroup.newChild(NioEventLoopGroup.java:37)
	at io.netty.util.concurrent.MultithreadEventExecutorGroup.<init>(MultithreadEventExecutorGroup.java:84)
	at io.netty.util.concurrent.MultithreadEventExecutorGroup.<init>(MultithreadEventExecutorGroup.java:58)
	at io.netty.util.concurrent.MultithreadEventExecutorGroup.<init>(MultithreadEventExecutorGroup.java:47)
	at io.netty.channel.MultithreadEventLoopGroup.<init>(MultithreadEventLoopGroup.java:59)
	at io.netty.channel.nio.NioEventLoopGroup.<init>(NioEventLoopGroup.java:78)
	at io.netty.channel.nio.NioEventLoopGroup.<init>(NioEventLoopGroup.java:73)
	at io.netty.channel.nio.NioEventLoopGroup.<init>(NioEventLoopGroup.java:60)
	at io.vertx.core.net.impl.transport.Transport.eventLoopGroup(Transport.java:153)
	at io.vertx.core.impl.VertxImpl.<init>(VertxImpl.java:143)
	at io.vertx.core.impl.VertxImpl.vertx(VertxImpl.java:92)
	at io.vertx.core.impl.VertxFactoryImpl.vertx(VertxFactoryImpl.java:40)
	at io.vertx.core.impl.VertxFactoryImpl.vertx(VertxFactoryImpl.java:32)
	at io.vertx.core.Vertx.vertx(Vertx.java:85)
	at io.vertx.core.impl.launcher.commands.ClasspathHandler.create(ClasspathHandler.java:113)
	at io.vertx.core.impl.launcher.commands.BareCommand.startVertx(BareCommand.java:278)
	at io.vertx.core.impl.launcher.commands.BareCommand.run(BareCommand.java:192)
	at io.vertx.core.impl.launcher.commands.RunCommand.run(RunCommand.java:249)
	at io.vertx.core.impl.launcher.VertxCommandLauncher.execute(VertxCommandLauncher.java:248)
	at io.vertx.core.impl.launcher.VertxCommandLauncher.dispatch(VertxCommandLauncher.java:383)
	at io.vertx.core.impl.launcher.VertxCommandLauncher.dispatch(VertxCommandLauncher.java:346)
	at io.vertx.core.Launcher.main(Launcher.java:45)
17:50:12,066 DEBUG main PlatformDependent0:<clinit>:313 - java.nio.Bits.unaligned: available, true
17:50:12,068 DEBUG main PlatformDependent0:<clinit>:372 - jdk.internal.misc.Unsafe.allocateUninitializedArray(int): unavailable
java.lang.IllegalAccessException: class io.netty.util.internal.PlatformDependent0$6 cannot access class jdk.internal.misc.Unsafe (in module java.base) because module java.base does not export jdk.internal.misc to unnamed module @1f1c7bf6
	at java.base/jdk.internal.reflect.Reflection.newIllegalAccessException(Reflection.java:376)
	at java.base/java.lang.reflect.AccessibleObject.checkAccess(AccessibleObject.java:642)
	at java.base/java.lang.reflect.Method.invoke(Method.java:559)
	at io.netty.util.internal.PlatformDependent0$6.run(PlatformDependent0.java:334)
	at java.base/java.security.AccessController.doPrivileged(AccessController.java:312)
	at io.netty.util.internal.PlatformDependent0.<clinit>(PlatformDependent0.java:325)
	at io.netty.util.internal.PlatformDependent.isAndroid(PlatformDependent.java:272)
	at io.netty.util.internal.PlatformDependent.<clinit>(PlatformDependent.java:92)
	at io.netty.channel.nio.NioEventLoop.newTaskQueue0(NioEventLoop.java:285)
	at io.netty.channel.nio.NioEventLoop.newTaskQueue(NioEventLoop.java:156)
	at io.netty.channel.nio.NioEventLoop.<init>(NioEventLoop.java:138)
	at io.netty.channel.nio.NioEventLoopGroup.newChild(NioEventLoopGroup.java:138)
	at io.netty.channel.nio.NioEventLoopGroup.newChild(NioEventLoopGroup.java:37)
	at io.netty.util.concurrent.MultithreadEventExecutorGroup.<init>(MultithreadEventExecutorGroup.java:84)
	at io.netty.util.concurrent.MultithreadEventExecutorGroup.<init>(MultithreadEventExecutorGroup.java:58)
	at io.netty.util.concurrent.MultithreadEventExecutorGroup.<init>(MultithreadEventExecutorGroup.java:47)
	at io.netty.channel.MultithreadEventLoopGroup.<init>(MultithreadEventLoopGroup.java:59)
	at io.netty.channel.nio.NioEventLoopGroup.<init>(NioEventLoopGroup.java:78)
	at io.netty.channel.nio.NioEventLoopGroup.<init>(NioEventLoopGroup.java:73)
	at io.netty.channel.nio.NioEventLoopGroup.<init>(NioEventLoopGroup.java:60)
	at io.vertx.core.net.impl.transport.Transport.eventLoopGroup(Transport.java:153)
	at io.vertx.core.impl.VertxImpl.<init>(VertxImpl.java:143)
	at io.vertx.core.impl.VertxImpl.vertx(VertxImpl.java:92)
	at io.vertx.core.impl.VertxFactoryImpl.vertx(VertxFactoryImpl.java:40)
	at io.vertx.core.impl.VertxFactoryImpl.vertx(VertxFactoryImpl.java:32)
	at io.vertx.core.Vertx.vertx(Vertx.java:85)
	at io.vertx.core.impl.launcher.commands.ClasspathHandler.create(ClasspathHandler.java:113)
	at io.vertx.core.impl.launcher.commands.BareCommand.startVertx(BareCommand.java:278)
	at io.vertx.core.impl.launcher.commands.BareCommand.run(BareCommand.java:192)
	at io.vertx.core.impl.launcher.commands.RunCommand.run(RunCommand.java:249)
	at io.vertx.core.impl.launcher.VertxCommandLauncher.execute(VertxCommandLauncher.java:248)
	at io.vertx.core.impl.launcher.VertxCommandLauncher.dispatch(VertxCommandLauncher.java:383)
	at io.vertx.core.impl.launcher.VertxCommandLauncher.dispatch(VertxCommandLauncher.java:346)
	at io.vertx.core.Launcher.main(Launcher.java:45)
17:50:12,070 DEBUG main PlatformDependent0:<clinit>:385 - java.nio.DirectByteBuffer.<init>(long, int): unavailable
17:50:12,070 DEBUG main PlatformDependent:unsafeUnavailabilityCause0:1028 - sun.misc.Unsafe: available
17:50:12,083 DEBUG main PlatformDependent:maxDirectMemory0:1128 - maxDirectMemory: 4282384384 bytes (maybe)
17:50:12,083 DEBUG main PlatformDependent:tmpdir0:1147 - -Dio.netty.tmpdir: C:\Users\Placi\AppData\Local\Temp (java.io.tmpdir)
17:50:12,083 DEBUG main PlatformDependent:bitMode0:1226 - -Dio.netty.bitMode: 64 (sun.arch.data.model)
17:50:12,084 DEBUG main PlatformDependent:<clinit>:173 - -Dio.netty.maxDirectMemory: -1 bytes
17:50:12,084 DEBUG main PlatformDependent:<clinit>:180 - -Dio.netty.uninitializedArrayAllocationThreshold: -1
17:50:12,085 DEBUG main CleanerJava9:<clinit>:71 - java.nio.ByteBuffer.cleaner(): available
17:50:12,085 DEBUG main PlatformDependent:<clinit>:200 - -Dio.netty.noPreferDirect: false
17:50:12,092 DEBUG main PlatformDependent:<clinit>:890 - org.jctools-core.MpscChunkedArrayQueue: available
17:50:12,456 DEBUG main DefaultDnsServerAddressStreamProvider:<clinit>:82 - Default DNS servers: [/8.8.8.8:53, /8.8.4.4:53] (sun.net.dns.ResolverConfiguration)
17:50:12,568 DEBUG vert.x-eventloop-thread-1 PooledByteBufAllocator:<clinit>:142 - -Dio.netty.allocator.numHeapArenas: 24
17:50:12,569 DEBUG vert.x-eventloop-thread-1 PooledByteBufAllocator:<clinit>:143 - -Dio.netty.allocator.numDirectArenas: 24
17:50:12,569 DEBUG vert.x-eventloop-thread-1 PooledByteBufAllocator:<clinit>:145 - -Dio.netty.allocator.pageSize: 8192
17:50:12,569 DEBUG vert.x-eventloop-thread-1 PooledByteBufAllocator:<clinit>:150 - -Dio.netty.allocator.maxOrder: 11
17:50:12,569 DEBUG vert.x-eventloop-thread-1 PooledByteBufAllocator:<clinit>:154 - -Dio.netty.allocator.chunkSize: 16777216
17:50:12,570 DEBUG vert.x-eventloop-thread-1 PooledByteBufAllocator:<clinit>:155 - -Dio.netty.allocator.tinyCacheSize: 512
17:50:12,570 DEBUG vert.x-eventloop-thread-1 PooledByteBufAllocator:<clinit>:156 - -Dio.netty.allocator.smallCacheSize: 256
17:50:12,570 DEBUG vert.x-eventloop-thread-1 PooledByteBufAllocator:<clinit>:157 - -Dio.netty.allocator.normalCacheSize: 64
17:50:12,570 DEBUG vert.x-eventloop-thread-1 PooledByteBufAllocator:<clinit>:158 - -Dio.netty.allocator.maxCachedBufferCapacity: 32768
17:50:12,570 DEBUG vert.x-eventloop-thread-1 PooledByteBufAllocator:<clinit>:159 - -Dio.netty.allocator.cacheTrimInterval: 8192
17:50:12,570 DEBUG vert.x-eventloop-thread-1 PooledByteBufAllocator:<clinit>:160 - -Dio.netty.allocator.cacheTrimIntervalMillis: 0
17:50:12,570 DEBUG vert.x-eventloop-thread-1 PooledByteBufAllocator:<clinit>:161 - -Dio.netty.allocator.useCacheForAllThreads: true
17:50:12,570 DEBUG vert.x-eventloop-thread-1 PooledByteBufAllocator:<clinit>:162 - -Dio.netty.allocator.maxCachedByteBuffersPerChunk: 1023
17:50:12,596 DEBUG vert.x-eventloop-thread-1 NetUtil:<clinit>:139 - -Djava.net.preferIPv4Stack: false
17:50:12,597 DEBUG vert.x-eventloop-thread-1 NetUtil:<clinit>:140 - -Djava.net.preferIPv6Addresses: false
17:50:12,726 DEBUG vert.x-eventloop-thread-1 NetUtil:<clinit>:224 - Loopback interface: lo (Software Loopback Interface 1, 127.0.0.1)
17:50:12,727 DEBUG vert.x-eventloop-thread-1 NetUtil:run:289 - Failed to get SOMAXCONN from sysctl and file \proc\sys\net\core\somaxconn. Default: 200
17:50:12,881 DEBUG vert.x-eventloop-thread-1 DefaultChannelId:<clinit>:79 - -Dio.netty.processId: 23160 (auto-detected)
17:50:13,021 DEBUG vert.x-eventloop-thread-1 DefaultChannelId:<clinit>:101 - -Dio.netty.machineId: 1c:1b:0d:ff:fe:e2:83:85 (auto-detected)
17:50:13,037 DEBUG vert.x-eventloop-thread-1 ByteBufUtil:<clinit>:85 - -Dio.netty.allocator.type: pooled
17:50:13,038 DEBUG vert.x-eventloop-thread-1 ByteBufUtil:<clinit>:94 - -Dio.netty.threadLocalDirectBufferSize: 0
17:50:13,038 DEBUG vert.x-eventloop-thread-1 ByteBufUtil:<clinit>:97 - -Dio.netty.maxThreadLocalCharBufferSize: 16384
17:50:17,216 DEBUG vert.x-eventloop-thread-1 Recycler:<clinit>:96 - -Dio.netty.recycler.maxCapacityPerThread: 4096
17:50:17,216 DEBUG vert.x-eventloop-thread-1 Recycler:<clinit>:97 - -Dio.netty.recycler.maxSharedCapacityFactor: 2
17:50:17,216 DEBUG vert.x-eventloop-thread-1 Recycler:<clinit>:98 - -Dio.netty.recycler.linkCapacity: 16
17:50:17,216 DEBUG vert.x-eventloop-thread-1 Recycler:<clinit>:99 - -Dio.netty.recycler.ratio: 8
17:50:17,222 DEBUG vert.x-eventloop-thread-1 AbstractByteBuf:<clinit>:62 - -Dio.netty.buffer.checkAccessible: true
17:50:17,222 DEBUG vert.x-eventloop-thread-1 AbstractByteBuf:<clinit>:63 - -Dio.netty.buffer.checkBounds: true
17:50:17,223 DEBUG vert.x-eventloop-thread-1 ResourceLeakDetectorFactory:newResourceLeakDetector:195 - Loaded default ResourceLeakDetector: io.netty.util.ResourceLeakDetector@7bb85fe2
17:50:17,280 DEBUG vert.x-eventloop-thread-1 ZlibCodecFactory:<clinit>:39 - -Dio.netty.noJdkZlibDecoder: false
17:50:17,280 DEBUG vert.x-eventloop-thread-1 ZlibCodecFactory:<clinit>:42 - -Dio.netty.noJdkZlibEncoder: false
17:50:53,503 DEBUG main InternalLoggerFactory:newDefaultFactory:47 - Using Log4J as the default logging framework
17:50:53,506 DEBUG main ResourceLeakDetector:<clinit>:129 - -Dio.netty.leakDetection.level: simple
17:50:53,507 DEBUG main ResourceLeakDetector:<clinit>:130 - -Dio.netty.leakDetection.targetRecords: 4
17:50:53,518 DEBUG main InternalThreadLocalMap:<clinit>:54 - -Dio.netty.threadLocalMap.stringBuilder.initialSize: 1024
17:50:53,519 DEBUG main InternalThreadLocalMap:<clinit>:57 - -Dio.netty.threadLocalMap.stringBuilder.maxSize: 4096
17:50:53,525 DEBUG main MultithreadEventLoopGroup:<clinit>:44 - -Dio.netty.eventLoopThreads: 24
17:50:53,547 DEBUG main NioEventLoop:<clinit>:106 - -Dio.netty.noKeySetOptimization: false
17:50:53,547 DEBUG main NioEventLoop:<clinit>:107 - -Dio.netty.selectorAutoRebuildThreshold: 512
17:50:53,560 DEBUG main PlatformDependent:isWindows0:985 - Platform: Windows
17:50:53,562 DEBUG main PlatformDependent0:explicitNoUnsafeCause0:395 - -Dio.netty.noUnsafe: false
17:50:53,563 DEBUG main PlatformDependent0:javaVersion0:851 - Java version: 13
17:50:53,564 DEBUG main PlatformDependent0:<clinit>:120 - sun.misc.Unsafe.theUnsafe: available
17:50:53,565 DEBUG main PlatformDependent0:<clinit>:144 - sun.misc.Unsafe.copyMemory: available
17:50:53,565 DEBUG main PlatformDependent0:<clinit>:182 - java.nio.Buffer.address: available
17:50:53,566 DEBUG main PlatformDependent0:<clinit>:252 - direct buffer constructor: unavailable
java.lang.UnsupportedOperationException: Reflective setAccessible(true) disabled
	at io.netty.util.internal.ReflectionUtil.trySetAccessible(ReflectionUtil.java:31)
	at io.netty.util.internal.PlatformDependent0$4.run(PlatformDependent0.java:224)
	at java.base/java.security.AccessController.doPrivileged(AccessController.java:312)
	at io.netty.util.internal.PlatformDependent0.<clinit>(PlatformDependent0.java:218)
	at io.netty.util.internal.PlatformDependent.isAndroid(PlatformDependent.java:272)
	at io.netty.util.internal.PlatformDependent.<clinit>(PlatformDependent.java:92)
	at io.netty.channel.nio.NioEventLoop.newTaskQueue0(NioEventLoop.java:285)
	at io.netty.channel.nio.NioEventLoop.newTaskQueue(NioEventLoop.java:156)
	at io.netty.channel.nio.NioEventLoop.<init>(NioEventLoop.java:138)
	at io.netty.channel.nio.NioEventLoopGroup.newChild(NioEventLoopGroup.java:138)
	at io.netty.channel.nio.NioEventLoopGroup.newChild(NioEventLoopGroup.java:37)
	at io.netty.util.concurrent.MultithreadEventExecutorGroup.<init>(MultithreadEventExecutorGroup.java:84)
	at io.netty.util.concurrent.MultithreadEventExecutorGroup.<init>(MultithreadEventExecutorGroup.java:58)
	at io.netty.util.concurrent.MultithreadEventExecutorGroup.<init>(MultithreadEventExecutorGroup.java:47)
	at io.netty.channel.MultithreadEventLoopGroup.<init>(MultithreadEventLoopGroup.java:59)
	at io.netty.channel.nio.NioEventLoopGroup.<init>(NioEventLoopGroup.java:78)
	at io.netty.channel.nio.NioEventLoopGroup.<init>(NioEventLoopGroup.java:73)
	at io.netty.channel.nio.NioEventLoopGroup.<init>(NioEventLoopGroup.java:60)
	at io.vertx.core.net.impl.transport.Transport.eventLoopGroup(Transport.java:153)
	at io.vertx.core.impl.VertxImpl.<init>(VertxImpl.java:143)
	at io.vertx.core.impl.VertxImpl.vertx(VertxImpl.java:92)
	at io.vertx.core.impl.VertxFactoryImpl.vertx(VertxFactoryImpl.java:40)
	at io.vertx.core.impl.VertxFactoryImpl.vertx(VertxFactoryImpl.java:32)
	at io.vertx.core.Vertx.vertx(Vertx.java:85)
	at io.vertx.core.impl.launcher.commands.ClasspathHandler.create(ClasspathHandler.java:113)
	at io.vertx.core.impl.launcher.commands.BareCommand.startVertx(BareCommand.java:278)
	at io.vertx.core.impl.launcher.commands.BareCommand.run(BareCommand.java:192)
	at io.vertx.core.impl.launcher.commands.RunCommand.run(RunCommand.java:249)
	at io.vertx.core.impl.launcher.VertxCommandLauncher.execute(VertxCommandLauncher.java:248)
	at io.vertx.core.impl.launcher.VertxCommandLauncher.dispatch(VertxCommandLauncher.java:383)
	at io.vertx.core.impl.launcher.VertxCommandLauncher.dispatch(VertxCommandLauncher.java:346)
	at io.vertx.core.Launcher.main(Launcher.java:45)
17:50:53,569 DEBUG main PlatformDependent0:<clinit>:313 - java.nio.Bits.unaligned: available, true
17:50:53,571 DEBUG main PlatformDependent0:<clinit>:372 - jdk.internal.misc.Unsafe.allocateUninitializedArray(int): unavailable
java.lang.IllegalAccessException: class io.netty.util.internal.PlatformDependent0$6 cannot access class jdk.internal.misc.Unsafe (in module java.base) because module java.base does not export jdk.internal.misc to unnamed module @1f1c7bf6
	at java.base/jdk.internal.reflect.Reflection.newIllegalAccessException(Reflection.java:376)
	at java.base/java.lang.reflect.AccessibleObject.checkAccess(AccessibleObject.java:642)
	at java.base/java.lang.reflect.Method.invoke(Method.java:559)
	at io.netty.util.internal.PlatformDependent0$6.run(PlatformDependent0.java:334)
	at java.base/java.security.AccessController.doPrivileged(AccessController.java:312)
	at io.netty.util.internal.PlatformDependent0.<clinit>(PlatformDependent0.java:325)
	at io.netty.util.internal.PlatformDependent.isAndroid(PlatformDependent.java:272)
	at io.netty.util.internal.PlatformDependent.<clinit>(PlatformDependent.java:92)
	at io.netty.channel.nio.NioEventLoop.newTaskQueue0(NioEventLoop.java:285)
	at io.netty.channel.nio.NioEventLoop.newTaskQueue(NioEventLoop.java:156)
	at io.netty.channel.nio.NioEventLoop.<init>(NioEventLoop.java:138)
	at io.netty.channel.nio.NioEventLoopGroup.newChild(NioEventLoopGroup.java:138)
	at io.netty.channel.nio.NioEventLoopGroup.newChild(NioEventLoopGroup.java:37)
	at io.netty.util.concurrent.MultithreadEventExecutorGroup.<init>(MultithreadEventExecutorGroup.java:84)
	at io.netty.util.concurrent.MultithreadEventExecutorGroup.<init>(MultithreadEventExecutorGroup.java:58)
	at io.netty.util.concurrent.MultithreadEventExecutorGroup.<init>(MultithreadEventExecutorGroup.java:47)
	at io.netty.channel.MultithreadEventLoopGroup.<init>(MultithreadEventLoopGroup.java:59)
	at io.netty.channel.nio.NioEventLoopGroup.<init>(NioEventLoopGroup.java:78)
	at io.netty.channel.nio.NioEventLoopGroup.<init>(NioEventLoopGroup.java:73)
	at io.netty.channel.nio.NioEventLoopGroup.<init>(NioEventLoopGroup.java:60)
	at io.vertx.core.net.impl.transport.Transport.eventLoopGroup(Transport.java:153)
	at io.vertx.core.impl.VertxImpl.<init>(VertxImpl.java:143)
	at io.vertx.core.impl.VertxImpl.vertx(VertxImpl.java:92)
	at io.vertx.core.impl.VertxFactoryImpl.vertx(VertxFactoryImpl.java:40)
	at io.vertx.core.impl.VertxFactoryImpl.vertx(VertxFactoryImpl.java:32)
	at io.vertx.core.Vertx.vertx(Vertx.java:85)
	at io.vertx.core.impl.launcher.commands.ClasspathHandler.create(ClasspathHandler.java:113)
	at io.vertx.core.impl.launcher.commands.BareCommand.startVertx(BareCommand.java:278)
	at io.vertx.core.impl.launcher.commands.BareCommand.run(BareCommand.java:192)
	at io.vertx.core.impl.launcher.commands.RunCommand.run(RunCommand.java:249)
	at io.vertx.core.impl.launcher.VertxCommandLauncher.execute(VertxCommandLauncher.java:248)
	at io.vertx.core.impl.launcher.VertxCommandLauncher.dispatch(VertxCommandLauncher.java:383)
	at io.vertx.core.impl.launcher.VertxCommandLauncher.dispatch(VertxCommandLauncher.java:346)
	at io.vertx.core.Launcher.main(Launcher.java:45)
17:50:53,573 DEBUG main PlatformDependent0:<clinit>:385 - java.nio.DirectByteBuffer.<init>(long, int): unavailable
17:50:53,573 DEBUG main PlatformDependent:unsafeUnavailabilityCause0:1028 - sun.misc.Unsafe: available
17:50:53,586 DEBUG main PlatformDependent:maxDirectMemory0:1128 - maxDirectMemory: 4282384384 bytes (maybe)
17:50:53,586 DEBUG main PlatformDependent:tmpdir0:1147 - -Dio.netty.tmpdir: C:\Users\Placi\AppData\Local\Temp (java.io.tmpdir)
17:50:53,586 DEBUG main PlatformDependent:bitMode0:1226 - -Dio.netty.bitMode: 64 (sun.arch.data.model)
17:50:53,587 DEBUG main PlatformDependent:<clinit>:173 - -Dio.netty.maxDirectMemory: -1 bytes
17:50:53,588 DEBUG main PlatformDependent:<clinit>:180 - -Dio.netty.uninitializedArrayAllocationThreshold: -1
17:50:53,588 DEBUG main CleanerJava9:<clinit>:71 - java.nio.ByteBuffer.cleaner(): available
17:50:53,589 DEBUG main PlatformDependent:<clinit>:200 - -Dio.netty.noPreferDirect: false
17:50:53,595 DEBUG main PlatformDependent:<clinit>:890 - org.jctools-core.MpscChunkedArrayQueue: available
17:50:53,948 DEBUG main DefaultDnsServerAddressStreamProvider:<clinit>:82 - Default DNS servers: [/8.8.8.8:53, /8.8.4.4:53] (sun.net.dns.ResolverConfiguration)
17:50:54,062 DEBUG vert.x-eventloop-thread-1 PooledByteBufAllocator:<clinit>:142 - -Dio.netty.allocator.numHeapArenas: 24
17:50:54,063 DEBUG vert.x-eventloop-thread-1 PooledByteBufAllocator:<clinit>:143 - -Dio.netty.allocator.numDirectArenas: 24
17:50:54,063 DEBUG vert.x-eventloop-thread-1 PooledByteBufAllocator:<clinit>:145 - -Dio.netty.allocator.pageSize: 8192
17:50:54,063 DEBUG vert.x-eventloop-thread-1 PooledByteBufAllocator:<clinit>:150 - -Dio.netty.allocator.maxOrder: 11
17:50:54,063 DEBUG vert.x-eventloop-thread-1 PooledByteBufAllocator:<clinit>:154 - -Dio.netty.allocator.chunkSize: 16777216
17:50:54,063 DEBUG vert.x-eventloop-thread-1 PooledByteBufAllocator:<clinit>:155 - -Dio.netty.allocator.tinyCacheSize: 512
17:50:54,063 DEBUG vert.x-eventloop-thread-1 PooledByteBufAllocator:<clinit>:156 - -Dio.netty.allocator.smallCacheSize: 256
17:50:54,063 DEBUG vert.x-eventloop-thread-1 PooledByteBufAllocator:<clinit>:157 - -Dio.netty.allocator.normalCacheSize: 64
17:50:54,064 DEBUG vert.x-eventloop-thread-1 PooledByteBufAllocator:<clinit>:158 - -Dio.netty.allocator.maxCachedBufferCapacity: 32768
17:50:54,064 DEBUG vert.x-eventloop-thread-1 PooledByteBufAllocator:<clinit>:159 - -Dio.netty.allocator.cacheTrimInterval: 8192
17:50:54,064 DEBUG vert.x-eventloop-thread-1 PooledByteBufAllocator:<clinit>:160 - -Dio.netty.allocator.cacheTrimIntervalMillis: 0
17:50:54,064 DEBUG vert.x-eventloop-thread-1 PooledByteBufAllocator:<clinit>:161 - -Dio.netty.allocator.useCacheForAllThreads: true
17:50:54,064 DEBUG vert.x-eventloop-thread-1 PooledByteBufAllocator:<clinit>:162 - -Dio.netty.allocator.maxCachedByteBuffersPerChunk: 1023
17:50:54,090 DEBUG vert.x-eventloop-thread-1 NetUtil:<clinit>:139 - -Djava.net.preferIPv4Stack: false
17:50:54,090 DEBUG vert.x-eventloop-thread-1 NetUtil:<clinit>:140 - -Djava.net.preferIPv6Addresses: false
17:50:54,219 DEBUG vert.x-eventloop-thread-1 NetUtil:<clinit>:224 - Loopback interface: lo (Software Loopback Interface 1, 127.0.0.1)
17:50:54,219 DEBUG vert.x-eventloop-thread-1 NetUtil:run:289 - Failed to get SOMAXCONN from sysctl and file \proc\sys\net\core\somaxconn. Default: 200
17:50:54,374 DEBUG vert.x-eventloop-thread-1 DefaultChannelId:<clinit>:79 - -Dio.netty.processId: 21776 (auto-detected)
17:50:54,514 DEBUG vert.x-eventloop-thread-1 DefaultChannelId:<clinit>:101 - -Dio.netty.machineId: 1c:1b:0d:ff:fe:e2:83:85 (auto-detected)
17:50:54,530 DEBUG vert.x-eventloop-thread-1 ByteBufUtil:<clinit>:85 - -Dio.netty.allocator.type: pooled
17:50:54,531 DEBUG vert.x-eventloop-thread-1 ByteBufUtil:<clinit>:94 - -Dio.netty.threadLocalDirectBufferSize: 0
17:50:54,531 DEBUG vert.x-eventloop-thread-1 ByteBufUtil:<clinit>:97 - -Dio.netty.maxThreadLocalCharBufferSize: 16384
17:50:57,721 DEBUG vert.x-eventloop-thread-1 Recycler:<clinit>:96 - -Dio.netty.recycler.maxCapacityPerThread: 4096
17:50:57,721 DEBUG vert.x-eventloop-thread-1 Recycler:<clinit>:97 - -Dio.netty.recycler.maxSharedCapacityFactor: 2
17:50:57,722 DEBUG vert.x-eventloop-thread-1 Recycler:<clinit>:98 - -Dio.netty.recycler.linkCapacity: 16
17:50:57,722 DEBUG vert.x-eventloop-thread-1 Recycler:<clinit>:99 - -Dio.netty.recycler.ratio: 8
17:50:57,728 DEBUG vert.x-eventloop-thread-1 AbstractByteBuf:<clinit>:62 - -Dio.netty.buffer.checkAccessible: true
17:50:57,728 DEBUG vert.x-eventloop-thread-1 AbstractByteBuf:<clinit>:63 - -Dio.netty.buffer.checkBounds: true
17:50:57,728 DEBUG vert.x-eventloop-thread-1 ResourceLeakDetectorFactory:newResourceLeakDetector:195 - Loaded default ResourceLeakDetector: io.netty.util.ResourceLeakDetector@7bb85fe2
17:50:57,784 DEBUG vert.x-eventloop-thread-1 ZlibCodecFactory:<clinit>:39 - -Dio.netty.noJdkZlibDecoder: false
17:50:57,784 DEBUG vert.x-eventloop-thread-1 ZlibCodecFactory:<clinit>:42 - -Dio.netty.noJdkZlibEncoder: false
15:45:09,869 DEBUG main InternalLoggerFactory:newDefaultFactory:47 - Using Log4J as the default logging framework
15:45:09,873 DEBUG main ResourceLeakDetector:<clinit>:129 - -Dio.netty.leakDetection.level: simple
15:45:09,874 DEBUG main ResourceLeakDetector:<clinit>:130 - -Dio.netty.leakDetection.targetRecords: 4
15:45:09,888 DEBUG main InternalThreadLocalMap:<clinit>:54 - -Dio.netty.threadLocalMap.stringBuilder.initialSize: 1024
15:45:09,888 DEBUG main InternalThreadLocalMap:<clinit>:57 - -Dio.netty.threadLocalMap.stringBuilder.maxSize: 4096
15:45:09,896 DEBUG main MultithreadEventLoopGroup:<clinit>:44 - -Dio.netty.eventLoopThreads: 24
15:45:09,926 DEBUG main NioEventLoop:<clinit>:106 - -Dio.netty.noKeySetOptimization: false
15:45:09,926 DEBUG main NioEventLoop:<clinit>:107 - -Dio.netty.selectorAutoRebuildThreshold: 512
15:45:09,941 DEBUG main PlatformDependent:isWindows0:985 - Platform: Windows
15:45:09,943 DEBUG main PlatformDependent0:explicitNoUnsafeCause0:395 - -Dio.netty.noUnsafe: false
15:45:09,943 DEBUG main PlatformDependent0:javaVersion0:851 - Java version: 13
15:45:09,945 DEBUG main PlatformDependent0:<clinit>:120 - sun.misc.Unsafe.theUnsafe: available
15:45:09,946 DEBUG main PlatformDependent0:<clinit>:144 - sun.misc.Unsafe.copyMemory: available
15:45:09,946 DEBUG main PlatformDependent0:<clinit>:182 - java.nio.Buffer.address: available
15:45:09,947 DEBUG main PlatformDependent0:<clinit>:252 - direct buffer constructor: unavailable
java.lang.UnsupportedOperationException: Reflective setAccessible(true) disabled
	at io.netty.util.internal.ReflectionUtil.trySetAccessible(ReflectionUtil.java:31)
	at io.netty.util.internal.PlatformDependent0$4.run(PlatformDependent0.java:224)
	at java.base/java.security.AccessController.doPrivileged(AccessController.java:312)
	at io.netty.util.internal.PlatformDependent0.<clinit>(PlatformDependent0.java:218)
	at io.netty.util.internal.PlatformDependent.isAndroid(PlatformDependent.java:272)
	at io.netty.util.internal.PlatformDependent.<clinit>(PlatformDependent.java:92)
	at io.netty.channel.nio.NioEventLoop.newTaskQueue0(NioEventLoop.java:285)
	at io.netty.channel.nio.NioEventLoop.newTaskQueue(NioEventLoop.java:156)
	at io.netty.channel.nio.NioEventLoop.<init>(NioEventLoop.java:138)
	at io.netty.channel.nio.NioEventLoopGroup.newChild(NioEventLoopGroup.java:138)
	at io.netty.channel.nio.NioEventLoopGroup.newChild(NioEventLoopGroup.java:37)
	at io.netty.util.concurrent.MultithreadEventExecutorGroup.<init>(MultithreadEventExecutorGroup.java:84)
	at io.netty.util.concurrent.MultithreadEventExecutorGroup.<init>(MultithreadEventExecutorGroup.java:58)
	at io.netty.util.concurrent.MultithreadEventExecutorGroup.<init>(MultithreadEventExecutorGroup.java:47)
	at io.netty.channel.MultithreadEventLoopGroup.<init>(MultithreadEventLoopGroup.java:59)
	at io.netty.channel.nio.NioEventLoopGroup.<init>(NioEventLoopGroup.java:78)
	at io.netty.channel.nio.NioEventLoopGroup.<init>(NioEventLoopGroup.java:73)
	at io.netty.channel.nio.NioEventLoopGroup.<init>(NioEventLoopGroup.java:60)
	at io.vertx.core.net.impl.transport.Transport.eventLoopGroup(Transport.java:153)
	at io.vertx.core.impl.VertxImpl.<init>(VertxImpl.java:143)
	at io.vertx.core.impl.VertxImpl.vertx(VertxImpl.java:92)
	at io.vertx.core.impl.VertxFactoryImpl.vertx(VertxFactoryImpl.java:40)
	at io.vertx.core.impl.VertxFactoryImpl.vertx(VertxFactoryImpl.java:32)
	at io.vertx.core.Vertx.vertx(Vertx.java:85)
	at io.vertx.core.impl.launcher.commands.ClasspathHandler.create(ClasspathHandler.java:113)
	at io.vertx.core.impl.launcher.commands.BareCommand.startVertx(BareCommand.java:278)
	at io.vertx.core.impl.launcher.commands.BareCommand.run(BareCommand.java:192)
	at io.vertx.core.impl.launcher.commands.RunCommand.run(RunCommand.java:249)
	at io.vertx.core.impl.launcher.VertxCommandLauncher.execute(VertxCommandLauncher.java:248)
	at io.vertx.core.impl.launcher.VertxCommandLauncher.dispatch(VertxCommandLauncher.java:383)
	at io.vertx.core.impl.launcher.VertxCommandLauncher.dispatch(VertxCommandLauncher.java:346)
	at io.vertx.core.Launcher.main(Launcher.java:45)
15:45:09,951 DEBUG main PlatformDependent0:<clinit>:313 - java.nio.Bits.unaligned: available, true
15:45:09,953 DEBUG main PlatformDependent0:<clinit>:372 - jdk.internal.misc.Unsafe.allocateUninitializedArray(int): unavailable
java.lang.IllegalAccessException: class io.netty.util.internal.PlatformDependent0$6 cannot access class jdk.internal.misc.Unsafe (in module java.base) because module java.base does not export jdk.internal.misc to unnamed module @1f1c7bf6
	at java.base/jdk.internal.reflect.Reflection.newIllegalAccessException(Reflection.java:376)
	at java.base/java.lang.reflect.AccessibleObject.checkAccess(AccessibleObject.java:642)
	at java.base/java.lang.reflect.Method.invoke(Method.java:559)
	at io.netty.util.internal.PlatformDependent0$6.run(PlatformDependent0.java:334)
	at java.base/java.security.AccessController.doPrivileged(AccessController.java:312)
	at io.netty.util.internal.PlatformDependent0.<clinit>(PlatformDependent0.java:325)
	at io.netty.util.internal.PlatformDependent.isAndroid(PlatformDependent.java:272)
	at io.netty.util.internal.PlatformDependent.<clinit>(PlatformDependent.java:92)
	at io.netty.channel.nio.NioEventLoop.newTaskQueue0(NioEventLoop.java:285)
	at io.netty.channel.nio.NioEventLoop.newTaskQueue(NioEventLoop.java:156)
	at io.netty.channel.nio.NioEventLoop.<init>(NioEventLoop.java:138)
	at io.netty.channel.nio.NioEventLoopGroup.newChild(NioEventLoopGroup.java:138)
	at io.netty.channel.nio.NioEventLoopGroup.newChild(NioEventLoopGroup.java:37)
	at io.netty.util.concurrent.MultithreadEventExecutorGroup.<init>(MultithreadEventExecutorGroup.java:84)
	at io.netty.util.concurrent.MultithreadEventExecutorGroup.<init>(MultithreadEventExecutorGroup.java:58)
	at io.netty.util.concurrent.MultithreadEventExecutorGroup.<init>(MultithreadEventExecutorGroup.java:47)
	at io.netty.channel.MultithreadEventLoopGroup.<init>(MultithreadEventLoopGroup.java:59)
	at io.netty.channel.nio.NioEventLoopGroup.<init>(NioEventLoopGroup.java:78)
	at io.netty.channel.nio.NioEventLoopGroup.<init>(NioEventLoopGroup.java:73)
	at io.netty.channel.nio.NioEventLoopGroup.<init>(NioEventLoopGroup.java:60)
	at io.vertx.core.net.impl.transport.Transport.eventLoopGroup(Transport.java:153)
	at io.vertx.core.impl.VertxImpl.<init>(VertxImpl.java:143)
	at io.vertx.core.impl.VertxImpl.vertx(VertxImpl.java:92)
	at io.vertx.core.impl.VertxFactoryImpl.vertx(VertxFactoryImpl.java:40)
	at io.vertx.core.impl.VertxFactoryImpl.vertx(VertxFactoryImpl.java:32)
	at io.vertx.core.Vertx.vertx(Vertx.java:85)
	at io.vertx.core.impl.launcher.commands.ClasspathHandler.create(ClasspathHandler.java:113)
	at io.vertx.core.impl.launcher.commands.BareCommand.startVertx(BareCommand.java:278)
	at io.vertx.core.impl.launcher.commands.BareCommand.run(BareCommand.java:192)
	at io.vertx.core.impl.launcher.commands.RunCommand.run(RunCommand.java:249)
	at io.vertx.core.impl.launcher.VertxCommandLauncher.execute(VertxCommandLauncher.java:248)
	at io.vertx.core.impl.launcher.VertxCommandLauncher.dispatch(VertxCommandLauncher.java:383)
	at io.vertx.core.impl.launcher.VertxCommandLauncher.dispatch(VertxCommandLauncher.java:346)
	at io.vertx.core.Launcher.main(Launcher.java:45)
15:45:09,954 DEBUG main PlatformDependent0:<clinit>:385 - java.nio.DirectByteBuffer.<init>(long, int): unavailable
15:45:09,954 DEBUG main PlatformDependent:unsafeUnavailabilityCause0:1028 - sun.misc.Unsafe: available
15:45:09,982 DEBUG main PlatformDependent:maxDirectMemory0:1128 - maxDirectMemory: 4282384384 bytes (maybe)
15:45:09,982 DEBUG main PlatformDependent:tmpdir0:1147 - -Dio.netty.tmpdir: C:\Users\Placi\AppData\Local\Temp (java.io.tmpdir)
15:45:09,983 DEBUG main PlatformDependent:bitMode0:1226 - -Dio.netty.bitMode: 64 (sun.arch.data.model)
15:45:09,984 DEBUG main PlatformDependent:<clinit>:173 - -Dio.netty.maxDirectMemory: -1 bytes
15:45:09,984 DEBUG main PlatformDependent:<clinit>:180 - -Dio.netty.uninitializedArrayAllocationThreshold: -1
15:45:09,985 DEBUG main CleanerJava9:<clinit>:71 - java.nio.ByteBuffer.cleaner(): available
15:45:09,985 DEBUG main PlatformDependent:<clinit>:200 - -Dio.netty.noPreferDirect: false
15:45:09,992 DEBUG main PlatformDependent:<clinit>:890 - org.jctools-core.MpscChunkedArrayQueue: available
15:45:10,379 DEBUG main DefaultDnsServerAddressStreamProvider:<clinit>:82 - Default DNS servers: [/8.8.8.8:53, /8.8.4.4:53] (sun.net.dns.ResolverConfiguration)
15:45:10,525 DEBUG vert.x-eventloop-thread-1 PooledByteBufAllocator:<clinit>:142 - -Dio.netty.allocator.numHeapArenas: 24
15:45:10,526 DEBUG vert.x-eventloop-thread-1 PooledByteBufAllocator:<clinit>:143 - -Dio.netty.allocator.numDirectArenas: 24
15:45:10,526 DEBUG vert.x-eventloop-thread-1 PooledByteBufAllocator:<clinit>:145 - -Dio.netty.allocator.pageSize: 8192
15:45:10,526 DEBUG vert.x-eventloop-thread-1 PooledByteBufAllocator:<clinit>:150 - -Dio.netty.allocator.maxOrder: 11
15:45:10,526 DEBUG vert.x-eventloop-thread-1 PooledByteBufAllocator:<clinit>:154 - -Dio.netty.allocator.chunkSize: 16777216
15:45:10,526 DEBUG vert.x-eventloop-thread-1 PooledByteBufAllocator:<clinit>:155 - -Dio.netty.allocator.tinyCacheSize: 512
15:45:10,526 DEBUG vert.x-eventloop-thread-1 PooledByteBufAllocator:<clinit>:156 - -Dio.netty.allocator.smallCacheSize: 256
15:45:10,526 DEBUG vert.x-eventloop-thread-1 PooledByteBufAllocator:<clinit>:157 - -Dio.netty.allocator.normalCacheSize: 64
15:45:10,526 DEBUG vert.x-eventloop-thread-1 PooledByteBufAllocator:<clinit>:158 - -Dio.netty.allocator.maxCachedBufferCapacity: 32768
15:45:10,526 DEBUG vert.x-eventloop-thread-1 PooledByteBufAllocator:<clinit>:159 - -Dio.netty.allocator.cacheTrimInterval: 8192
15:45:10,527 DEBUG vert.x-eventloop-thread-1 PooledByteBufAllocator:<clinit>:160 - -Dio.netty.allocator.cacheTrimIntervalMillis: 0
15:45:10,527 DEBUG vert.x-eventloop-thread-1 PooledByteBufAllocator:<clinit>:161 - -Dio.netty.allocator.useCacheForAllThreads: true
15:45:10,527 DEBUG vert.x-eventloop-thread-1 PooledByteBufAllocator:<clinit>:162 - -Dio.netty.allocator.maxCachedByteBuffersPerChunk: 1023
15:45:10,561 DEBUG vert.x-eventloop-thread-1 NetUtil:<clinit>:139 - -Djava.net.preferIPv4Stack: false
15:45:10,561 DEBUG vert.x-eventloop-thread-1 NetUtil:<clinit>:140 - -Djava.net.preferIPv6Addresses: false
15:45:10,689 DEBUG vert.x-eventloop-thread-1 NetUtil:<clinit>:224 - Loopback interface: lo (Software Loopback Interface 1, 127.0.0.1)
15:45:10,690 DEBUG vert.x-eventloop-thread-1 NetUtil:run:289 - Failed to get SOMAXCONN from sysctl and file \proc\sys\net\core\somaxconn. Default: 200
15:45:10,876 DEBUG vert.x-eventloop-thread-1 DefaultChannelId:<clinit>:79 - -Dio.netty.processId: 13284 (auto-detected)
15:45:11,019 DEBUG vert.x-eventloop-thread-1 DefaultChannelId:<clinit>:101 - -Dio.netty.machineId: 1c:1b:0d:ff:fe:e2:83:85 (auto-detected)
15:45:11,039 DEBUG vert.x-eventloop-thread-1 ByteBufUtil:<clinit>:85 - -Dio.netty.allocator.type: pooled
15:45:11,040 DEBUG vert.x-eventloop-thread-1 ByteBufUtil:<clinit>:94 - -Dio.netty.threadLocalDirectBufferSize: 0
15:45:11,040 DEBUG vert.x-eventloop-thread-1 ByteBufUtil:<clinit>:97 - -Dio.netty.maxThreadLocalCharBufferSize: 16384
15:45:32,258 DEBUG main InternalLoggerFactory:newDefaultFactory:47 - Using Log4J as the default logging framework
15:45:32,263 DEBUG main ResourceLeakDetector:<clinit>:129 - -Dio.netty.leakDetection.level: simple
15:45:32,264 DEBUG main ResourceLeakDetector:<clinit>:130 - -Dio.netty.leakDetection.targetRecords: 4
15:45:32,279 DEBUG main InternalThreadLocalMap:<clinit>:54 - -Dio.netty.threadLocalMap.stringBuilder.initialSize: 1024
15:45:32,279 DEBUG main InternalThreadLocalMap:<clinit>:57 - -Dio.netty.threadLocalMap.stringBuilder.maxSize: 4096
15:45:32,286 DEBUG main MultithreadEventLoopGroup:<clinit>:44 - -Dio.netty.eventLoopThreads: 24
15:45:32,311 DEBUG main NioEventLoop:<clinit>:106 - -Dio.netty.noKeySetOptimization: false
15:45:32,312 DEBUG main NioEventLoop:<clinit>:107 - -Dio.netty.selectorAutoRebuildThreshold: 512
15:45:32,325 DEBUG main PlatformDependent:isWindows0:985 - Platform: Windows
15:45:32,327 DEBUG main PlatformDependent0:explicitNoUnsafeCause0:395 - -Dio.netty.noUnsafe: false
15:45:32,327 DEBUG main PlatformDependent0:javaVersion0:851 - Java version: 13
15:45:32,329 DEBUG main PlatformDependent0:<clinit>:120 - sun.misc.Unsafe.theUnsafe: available
15:45:32,330 DEBUG main PlatformDependent0:<clinit>:144 - sun.misc.Unsafe.copyMemory: available
15:45:32,330 DEBUG main PlatformDependent0:<clinit>:182 - java.nio.Buffer.address: available
15:45:32,331 DEBUG main PlatformDependent0:<clinit>:252 - direct buffer constructor: unavailable
java.lang.UnsupportedOperationException: Reflective setAccessible(true) disabled
	at io.netty.util.internal.ReflectionUtil.trySetAccessible(ReflectionUtil.java:31)
	at io.netty.util.internal.PlatformDependent0$4.run(PlatformDependent0.java:224)
	at java.base/java.security.AccessController.doPrivileged(AccessController.java:312)
	at io.netty.util.internal.PlatformDependent0.<clinit>(PlatformDependent0.java:218)
	at io.netty.util.internal.PlatformDependent.isAndroid(PlatformDependent.java:272)
	at io.netty.util.internal.PlatformDependent.<clinit>(PlatformDependent.java:92)
	at io.netty.channel.nio.NioEventLoop.newTaskQueue0(NioEventLoop.java:285)
	at io.netty.channel.nio.NioEventLoop.newTaskQueue(NioEventLoop.java:156)
	at io.netty.channel.nio.NioEventLoop.<init>(NioEventLoop.java:138)
	at io.netty.channel.nio.NioEventLoopGroup.newChild(NioEventLoopGroup.java:138)
	at io.netty.channel.nio.NioEventLoopGroup.newChild(NioEventLoopGroup.java:37)
	at io.netty.util.concurrent.MultithreadEventExecutorGroup.<init>(MultithreadEventExecutorGroup.java:84)
	at io.netty.util.concurrent.MultithreadEventExecutorGroup.<init>(MultithreadEventExecutorGroup.java:58)
	at io.netty.util.concurrent.MultithreadEventExecutorGroup.<init>(MultithreadEventExecutorGroup.java:47)
	at io.netty.channel.MultithreadEventLoopGroup.<init>(MultithreadEventLoopGroup.java:59)
	at io.netty.channel.nio.NioEventLoopGroup.<init>(NioEventLoopGroup.java:78)
	at io.netty.channel.nio.NioEventLoopGroup.<init>(NioEventLoopGroup.java:73)
	at io.netty.channel.nio.NioEventLoopGroup.<init>(NioEventLoopGroup.java:60)
	at io.vertx.core.net.impl.transport.Transport.eventLoopGroup(Transport.java:153)
	at io.vertx.core.impl.VertxImpl.<init>(VertxImpl.java:143)
	at io.vertx.core.impl.VertxImpl.vertx(VertxImpl.java:92)
	at io.vertx.core.impl.VertxFactoryImpl.vertx(VertxFactoryImpl.java:40)
	at io.vertx.core.impl.VertxFactoryImpl.vertx(VertxFactoryImpl.java:32)
	at io.vertx.core.Vertx.vertx(Vertx.java:85)
	at io.vertx.core.impl.launcher.commands.ClasspathHandler.create(ClasspathHandler.java:113)
	at io.vertx.core.impl.launcher.commands.BareCommand.startVertx(BareCommand.java:278)
	at io.vertx.core.impl.launcher.commands.BareCommand.run(BareCommand.java:192)
	at io.vertx.core.impl.launcher.commands.RunCommand.run(RunCommand.java:249)
	at io.vertx.core.impl.launcher.VertxCommandLauncher.execute(VertxCommandLauncher.java:248)
	at io.vertx.core.impl.launcher.VertxCommandLauncher.dispatch(VertxCommandLauncher.java:383)
	at io.vertx.core.impl.launcher.VertxCommandLauncher.dispatch(VertxCommandLauncher.java:346)
	at io.vertx.core.Launcher.main(Launcher.java:45)
15:45:32,334 DEBUG main PlatformDependent0:<clinit>:313 - java.nio.Bits.unaligned: available, true
15:45:32,336 DEBUG main PlatformDependent0:<clinit>:372 - jdk.internal.misc.Unsafe.allocateUninitializedArray(int): unavailable
java.lang.IllegalAccessException: class io.netty.util.internal.PlatformDependent0$6 cannot access class jdk.internal.misc.Unsafe (in module java.base) because module java.base does not export jdk.internal.misc to unnamed module @1f1c7bf6
	at java.base/jdk.internal.reflect.Reflection.newIllegalAccessException(Reflection.java:376)
	at java.base/java.lang.reflect.AccessibleObject.checkAccess(AccessibleObject.java:642)
	at java.base/java.lang.reflect.Method.invoke(Method.java:559)
	at io.netty.util.internal.PlatformDependent0$6.run(PlatformDependent0.java:334)
	at java.base/java.security.AccessController.doPrivileged(AccessController.java:312)
	at io.netty.util.internal.PlatformDependent0.<clinit>(PlatformDependent0.java:325)
	at io.netty.util.internal.PlatformDependent.isAndroid(PlatformDependent.java:272)
	at io.netty.util.internal.PlatformDependent.<clinit>(PlatformDependent.java:92)
	at io.netty.channel.nio.NioEventLoop.newTaskQueue0(NioEventLoop.java:285)
	at io.netty.channel.nio.NioEventLoop.newTaskQueue(NioEventLoop.java:156)
	at io.netty.channel.nio.NioEventLoop.<init>(NioEventLoop.java:138)
	at io.netty.channel.nio.NioEventLoopGroup.newChild(NioEventLoopGroup.java:138)
	at io.netty.channel.nio.NioEventLoopGroup.newChild(NioEventLoopGroup.java:37)
	at io.netty.util.concurrent.MultithreadEventExecutorGroup.<init>(MultithreadEventExecutorGroup.java:84)
	at io.netty.util.concurrent.MultithreadEventExecutorGroup.<init>(MultithreadEventExecutorGroup.java:58)
	at io.netty.util.concurrent.MultithreadEventExecutorGroup.<init>(MultithreadEventExecutorGroup.java:47)
	at io.netty.channel.MultithreadEventLoopGroup.<init>(MultithreadEventLoopGroup.java:59)
	at io.netty.channel.nio.NioEventLoopGroup.<init>(NioEventLoopGroup.java:78)
	at io.netty.channel.nio.NioEventLoopGroup.<init>(NioEventLoopGroup.java:73)
	at io.netty.channel.nio.NioEventLoopGroup.<init>(NioEventLoopGroup.java:60)
	at io.vertx.core.net.impl.transport.Transport.eventLoopGroup(Transport.java:153)
	at io.vertx.core.impl.VertxImpl.<init>(VertxImpl.java:143)
	at io.vertx.core.impl.VertxImpl.vertx(VertxImpl.java:92)
	at io.vertx.core.impl.VertxFactoryImpl.vertx(VertxFactoryImpl.java:40)
	at io.vertx.core.impl.VertxFactoryImpl.vertx(VertxFactoryImpl.java:32)
	at io.vertx.core.Vertx.vertx(Vertx.java:85)
	at io.vertx.core.impl.launcher.commands.ClasspathHandler.create(ClasspathHandler.java:113)
	at io.vertx.core.impl.launcher.commands.BareCommand.startVertx(BareCommand.java:278)
	at io.vertx.core.impl.launcher.commands.BareCommand.run(BareCommand.java:192)
	at io.vertx.core.impl.launcher.commands.RunCommand.run(RunCommand.java:249)
	at io.vertx.core.impl.launcher.VertxCommandLauncher.execute(VertxCommandLauncher.java:248)
	at io.vertx.core.impl.launcher.VertxCommandLauncher.dispatch(VertxCommandLauncher.java:383)
	at io.vertx.core.impl.launcher.VertxCommandLauncher.dispatch(VertxCommandLauncher.java:346)
	at io.vertx.core.Launcher.main(Launcher.java:45)
15:45:32,337 DEBUG main PlatformDependent0:<clinit>:385 - java.nio.DirectByteBuffer.<init>(long, int): unavailable
15:45:32,338 DEBUG main PlatformDependent:unsafeUnavailabilityCause0:1028 - sun.misc.Unsafe: available
15:45:32,352 DEBUG main PlatformDependent:maxDirectMemory0:1128 - maxDirectMemory: 4282384384 bytes (maybe)
15:45:32,352 DEBUG main PlatformDependent:tmpdir0:1147 - -Dio.netty.tmpdir: C:\Users\Placi\AppData\Local\Temp (java.io.tmpdir)
15:45:32,353 DEBUG main PlatformDependent:bitMode0:1226 - -Dio.netty.bitMode: 64 (sun.arch.data.model)
15:45:32,354 DEBUG main PlatformDependent:<clinit>:173 - -Dio.netty.maxDirectMemory: -1 bytes
15:45:32,354 DEBUG main PlatformDependent:<clinit>:180 - -Dio.netty.uninitializedArrayAllocationThreshold: -1
15:45:32,355 DEBUG main CleanerJava9:<clinit>:71 - java.nio.ByteBuffer.cleaner(): available
15:45:32,356 DEBUG main PlatformDependent:<clinit>:200 - -Dio.netty.noPreferDirect: false
15:45:32,363 DEBUG main PlatformDependent:<clinit>:890 - org.jctools-core.MpscChunkedArrayQueue: available
15:45:32,740 DEBUG main DefaultDnsServerAddressStreamProvider:<clinit>:82 - Default DNS servers: [/8.8.8.8:53, /8.8.4.4:53] (sun.net.dns.ResolverConfiguration)
15:45:32,859 DEBUG vert.x-eventloop-thread-1 PooledByteBufAllocator:<clinit>:142 - -Dio.netty.allocator.numHeapArenas: 24
15:45:32,859 DEBUG vert.x-eventloop-thread-1 PooledByteBufAllocator:<clinit>:143 - -Dio.netty.allocator.numDirectArenas: 24
15:45:32,859 DEBUG vert.x-eventloop-thread-1 PooledByteBufAllocator:<clinit>:145 - -Dio.netty.allocator.pageSize: 8192
15:45:32,860 DEBUG vert.x-eventloop-thread-1 PooledByteBufAllocator:<clinit>:150 - -Dio.netty.allocator.maxOrder: 11
15:45:32,860 DEBUG vert.x-eventloop-thread-1 PooledByteBufAllocator:<clinit>:154 - -Dio.netty.allocator.chunkSize: 16777216
15:45:32,860 DEBUG vert.x-eventloop-thread-1 PooledByteBufAllocator:<clinit>:155 - -Dio.netty.allocator.tinyCacheSize: 512
15:45:32,860 DEBUG vert.x-eventloop-thread-1 PooledByteBufAllocator:<clinit>:156 - -Dio.netty.allocator.smallCacheSize: 256
15:45:32,860 DEBUG vert.x-eventloop-thread-1 PooledByteBufAllocator:<clinit>:157 - -Dio.netty.allocator.normalCacheSize: 64
15:45:32,860 DEBUG vert.x-eventloop-thread-1 PooledByteBufAllocator:<clinit>:158 - -Dio.netty.allocator.maxCachedBufferCapacity: 32768
15:45:32,860 DEBUG vert.x-eventloop-thread-1 PooledByteBufAllocator:<clinit>:159 - -Dio.netty.allocator.cacheTrimInterval: 8192
15:45:32,860 DEBUG vert.x-eventloop-thread-1 PooledByteBufAllocator:<clinit>:160 - -Dio.netty.allocator.cacheTrimIntervalMillis: 0
15:45:32,860 DEBUG vert.x-eventloop-thread-1 PooledByteBufAllocator:<clinit>:161 - -Dio.netty.allocator.useCacheForAllThreads: true
15:45:32,861 DEBUG vert.x-eventloop-thread-1 PooledByteBufAllocator:<clinit>:162 - -Dio.netty.allocator.maxCachedByteBuffersPerChunk: 1023
15:45:32,889 DEBUG vert.x-eventloop-thread-1 NetUtil:<clinit>:139 - -Djava.net.preferIPv4Stack: false
15:45:32,889 DEBUG vert.x-eventloop-thread-1 NetUtil:<clinit>:140 - -Djava.net.preferIPv6Addresses: false
15:45:33,017 DEBUG vert.x-eventloop-thread-1 NetUtil:<clinit>:224 - Loopback interface: lo (Software Loopback Interface 1, 127.0.0.1)
15:45:33,018 DEBUG vert.x-eventloop-thread-1 NetUtil:run:289 - Failed to get SOMAXCONN from sysctl and file \proc\sys\net\core\somaxconn. Default: 200
15:45:33,179 DEBUG vert.x-eventloop-thread-1 DefaultChannelId:<clinit>:79 - -Dio.netty.processId: 14384 (auto-detected)
15:45:33,322 DEBUG vert.x-eventloop-thread-1 DefaultChannelId:<clinit>:101 - -Dio.netty.machineId: 1c:1b:0d:ff:fe:e2:83:85 (auto-detected)
15:45:33,339 DEBUG vert.x-eventloop-thread-1 ByteBufUtil:<clinit>:85 - -Dio.netty.allocator.type: pooled
15:45:33,339 DEBUG vert.x-eventloop-thread-1 ByteBufUtil:<clinit>:94 - -Dio.netty.threadLocalDirectBufferSize: 0
15:45:33,339 DEBUG vert.x-eventloop-thread-1 ByteBufUtil:<clinit>:97 - -Dio.netty.maxThreadLocalCharBufferSize: 16384
15:45:52,231 DEBUG vert.x-eventloop-thread-1 Recycler:<clinit>:96 - -Dio.netty.recycler.maxCapacityPerThread: 4096
15:45:52,231 DEBUG vert.x-eventloop-thread-1 Recycler:<clinit>:97 - -Dio.netty.recycler.maxSharedCapacityFactor: 2
15:45:52,231 DEBUG vert.x-eventloop-thread-1 Recycler:<clinit>:98 - -Dio.netty.recycler.linkCapacity: 16
15:45:52,232 DEBUG vert.x-eventloop-thread-1 Recycler:<clinit>:99 - -Dio.netty.recycler.ratio: 8
15:45:52,238 DEBUG vert.x-eventloop-thread-1 AbstractByteBuf:<clinit>:62 - -Dio.netty.buffer.checkAccessible: true
15:45:52,239 DEBUG vert.x-eventloop-thread-1 AbstractByteBuf:<clinit>:63 - -Dio.netty.buffer.checkBounds: true
15:45:52,240 DEBUG vert.x-eventloop-thread-1 ResourceLeakDetectorFactory:newResourceLeakDetector:195 - Loaded default ResourceLeakDetector: io.netty.util.ResourceLeakDetector@7bb85fe2
15:45:52,314 DEBUG vert.x-eventloop-thread-1 ZlibCodecFactory:<clinit>:39 - -Dio.netty.noJdkZlibDecoder: false
15:45:52,315 DEBUG vert.x-eventloop-thread-1 ZlibCodecFactory:<clinit>:42 - -Dio.netty.noJdkZlibEncoder: false
